{"meta": {"format": 3, "version": "7.13.4", "timestamp": "2026-03-15T06:53:35.819801", "branch_coverage": true, "show_contexts": false}, "files": {"src/helping_hands/__init__.py": {"executed_lines": [3], "summary": {"covered_lines": 1, "num_statements": 1, "percent_covered": 100.0, "percent_covered_display": "100", "missing_lines": 0, "excluded_lines": 0, "percent_statements_covered": 100.0, "percent_statements_covered_display": "100", "num_branches": 0, "num_partial_branches": 0, "covered_branches": 0, "missing_branches": 0, "percent_branches_covered": 100.0, "percent_branches_covered_display": "100"}, "missing_lines": [], "excluded_lines": [], "executed_branches": [], "missing_branches": [], "functions": {"": {"executed_lines": [3], "summary": {"covered_lines": 1, "num_statements": 1, "percent_covered": 100.0, "percent_covered_display": "100", "missing_lines": 0, "excluded_lines": 0, "percent_statements_covered": 100.0, "percent_statements_covered_display": "100", "num_branches": 0, "num_partial_branches": 0, "covered_branches": 0, "missing_branches": 0, "percent_branches_covered": 100.0, "percent_branches_covered_display": "100"}, "missing_lines": [], "excluded_lines": [], "start_line": 1, "executed_branches": [], "missing_branches": []}}, "classes": {"": {"executed_lines": [3], "summary": {"covered_lines": 1, "num_statements": 1, "percent_covered": 100.0, "percent_covered_display": "100", "missing_lines": 0, "excluded_lines": 0, "percent_statements_covered": 100.0, "percent_statements_covered_display": "100", "num_branches": 0, "num_partial_branches": 0, "covered_branches": 0, "missing_branches": 0, "percent_branches_covered": 100.0, "percent_branches_covered_display": "100"}, "missing_lines": [], "excluded_lines": [], "start_line": 1, "executed_branches": [], "missing_branches": []}}}, "src/helping_hands/cli/__init__.py": {"executed_lines": [3], "summary": {"covered_lines": 1, "num_statements": 1, "percent_covered": 100.0, "percent_covered_display": "100", "missing_lines": 0, "excluded_lines": 0, "percent_statements_covered": 100.0, "percent_statements_covered_display": "100", "num_branches": 0, "num_partial_branches": 0, "covered_branches": 0, "missing_branches": 0, "percent_branches_covered": 100.0, "percent_branches_covered_display": "100"}, "missing_lines": [], "excluded_lines": [], "executed_branches": [], "missing_branches": [], "functions": {"": {"executed_lines": [3], "summary": {"covered_lines": 1, "num_statements": 1, "percent_covered": 100.0, "percent_covered_display": "100", "missing_lines": 0, "excluded_lines": 0, "percent_statements_covered": 100.0, "percent_statements_covered_display": "100", "num_branches": 0, "num_partial_branches": 0, "covered_branches": 0, "missing_branches": 0, "percent_branches_covered": 100.0, "percent_branches_covered_display": "100"}, "missing_lines": [], "excluded_lines": [], "start_line": 1, "executed_branches": [], "missing_branches": []}}, "classes": {"": {"executed_lines": [3], "summary": {"covered_lines": 1, "num_statements": 1, "percent_covered": 100.0, "percent_covered_display": "100", "missing_lines": 0, "excluded_lines": 0, "percent_statements_covered": 100.0, "percent_statements_covered_display": "100", "num_branches": 0, "num_partial_branches": 0, "covered_branches": 0, "missing_branches": 0, "percent_branches_covered": 100.0, "percent_branches_covered_display": "100"}, "missing_lines": [], "excluded_lines": [], "start_line": 1, "executed_branches": [], "missing_branches": []}}}, "src/helping_hands/cli/main.py": {"executed_lines": [3, 5, 6, 7, 8, 9, 10, 11, 12, 13, 14, 15, 16, 17, 19, 20, 21, 24, 27, 30, 33, 45, 46, 47, 49, 53, 54, 56, 57, 59, 60, 63, 65, 69, 76, 81, 87, 92, 108, 114, 119, 124, 129, 134, 142, 150, 158, 166, 174, 181, 184, 186, 187, 188, 189, 190, 191, 192, 193, 195, 196, 197, 198, 199, 200, 202, 203, 207, 209, 210, 224, 225, 230, 231, 232, 233, 234, 236, 237, 238, 239, 240, 241, 242, 244, 258, 259, 260, 264, 266, 267, 268, 273, 274, 275, 276, 277, 278, 279, 280, 281, 282, 283, 284, 286, 291, 292, 293, 294, 298, 309, 310, 317, 318, 319, 320, 321, 322, 323, 324, 325, 326, 334, 335, 342, 343, 344, 345, 347, 348, 349, 352, 359, 360, 361, 362, 365, 380, 383, 390, 391, 392, 393, 394, 395, 398, 417, 418, 419, 421, 422, 423, 424, 425, 426, 427, 435, 436, 437, 440, 441, 442, 443, 444, 445, 447, 450, 457, 458, 459, 460, 461, 462, 463, 464, 467, 468, 469, 470, 471, 486, 487, 488, 489, 490, 491, 492, 493, 494, 495, 498], "summary": {"covered_lines": 191, "num_statements": 192, "percent_covered": 99.15966386554622, "percent_covered_display": "99", "missing_lines": 1, "excluded_lines": 0, "percent_statements_covered": 99.47916666666667, "percent_statements_covered_display": "99", "num_branches": 46, "num_partial_branches": 1, "covered_branches": 45, "missing_branches": 1, "percent_branches_covered": 97.82608695652173, "percent_branches_covered_display": "98"}, "missing_lines": [499], "excluded_lines": [], "executed_branches": [[202, 203], [202, 209], [209, 210], [209, 236], [241, 242], [241, 244], [259, 260], [259, 264], [264, 266], [264, 347], [267, 268], [267, 273], [273, 274], [273, 275], [275, 276], [275, 277], [277, 278], [277, 279], [279, 280], [279, 281], [281, 282], [281, 283], [283, 284], [283, 286], [294, 298], [294, 310], [325, 326], [325, 335], [335, 342], [335, 344], [360, 361], [360, 362], [391, 392], [391, 395], [418, 419], [418, 421], [421, 422], [421, 447], [440, 441], [440, 445], [457, -450], [457, 458], [489, 490], [489, 493], [498, -1]], "missing_branches": [[498, 499]], "functions": {"build_parser": {"executed_lines": [65, 69, 76, 81, 87, 92, 108, 114, 119, 124, 129, 134, 142, 150, 158, 166, 174, 181], "summary": {"covered_lines": 18, "num_statements": 18, "percent_covered": 100.0, "percent_covered_display": "100", "missing_lines": 0, "excluded_lines": 0, "percent_statements_covered": 100.0, "percent_statements_covered_display": "100", "num_branches": 0, "num_partial_branches": 0, "covered_branches": 0, "missing_branches": 0, "percent_branches_covered": 100.0, "percent_branches_covered_display": "100"}, "missing_lines": [], "excluded_lines": [], "start_line": 63, "executed_branches": [], "missing_branches": []}, "main": {"executed_lines": [186, 187, 188, 189, 190, 191, 192, 193, 195, 196, 197, 198, 199, 200, 202, 203, 207, 209, 210, 224, 225, 230, 231, 232, 233, 234, 236, 237, 238, 239, 240, 241, 242, 244, 258, 259, 260, 264, 266, 267, 268, 273, 274, 275, 276, 277, 278, 279, 280, 281, 282, 283, 284, 286, 291, 292, 293, 294, 298, 309, 310, 317, 318, 319, 320, 321, 322, 323, 324, 325, 326, 334, 335, 342, 343, 344, 345, 347, 348, 349], "summary": {"covered_lines": 80, "num_statements": 80, "percent_covered": 100.0, "percent_covered_display": "100", "missing_lines": 0, "excluded_lines": 0, "percent_statements_covered": 100.0, "percent_statements_covered_display": "100", "num_branches": 30, "num_partial_branches": 0, "covered_branches": 30, "missing_branches": 0, "percent_branches_covered": 100.0, "percent_branches_covered_display": "100"}, "missing_lines": [], "excluded_lines": [], "start_line": 184, "executed_branches": [[202, 203], [202, 209], [209, 210], [209, 236], [241, 242], [241, 244], [259, 260], [259, 264], [264, 266], [264, 347], [267, 268], [267, 273], [273, 274], [273, 275], [275, 276], [275, 277], [277, 278], [277, 279], [279, 280], [279, 281], [281, 282], [281, 283], [283, 284], [283, 286], [294, 298], [294, 310], [325, 326], [325, 335], [335, 342], [335, 344]], "missing_branches": []}, "_stream_hand": {"executed_lines": [359, 360, 361, 362], "summary": {"covered_lines": 4, "num_statements": 4, "percent_covered": 100.0, "percent_covered_display": "100", "missing_lines": 0, "excluded_lines": 0, "percent_statements_covered": 100.0, "percent_statements_covered_display": "100", "num_branches": 2, "num_partial_branches": 0, "covered_branches": 2, "missing_branches": 0, "percent_branches_covered": 100.0, "percent_branches_covered_display": "100"}, "missing_lines": [], "excluded_lines": [], "start_line": 352, "executed_branches": [[360, 361], [360, 362]], "missing_branches": []}, "_github_clone_url": {"executed_lines": [380], "summary": {"covered_lines": 1, "num_statements": 1, "percent_covered": 100.0, "percent_covered_display": "100", "missing_lines": 0, "excluded_lines": 0, "percent_statements_covered": 100.0, "percent_statements_covered_display": "100", "num_branches": 0, "num_partial_branches": 0, "covered_branches": 0, "missing_branches": 0, "percent_branches_covered": 100.0, "percent_branches_covered_display": "100"}, "missing_lines": [], "excluded_lines": [], "start_line": 365, "executed_branches": [], "missing_branches": []}, "_repo_tmp_dir": {"executed_lines": [390, 391, 392, 393, 394, 395], "summary": {"covered_lines": 6, "num_statements": 6, "percent_covered": 100.0, "percent_covered_display": "100", "missing_lines": 0, "excluded_lines": 0, "percent_statements_covered": 100.0, "percent_statements_covered_display": "100", "num_branches": 2, "num_partial_branches": 0, "covered_branches": 2, "missing_branches": 0, "percent_branches_covered": 100.0, "percent_branches_covered_display": "100"}, "missing_lines": [], "excluded_lines": [], "start_line": 383, "executed_branches": [[391, 392], [391, 395]], "missing_branches": []}, "_resolve_repo_path": {"executed_lines": [417, 418, 419, 421, 422, 423, 424, 425, 426, 427, 435, 436, 437, 440, 441, 442, 443, 444, 445, 447], "summary": {"covered_lines": 20, "num_statements": 20, "percent_covered": 100.0, "percent_covered_display": "100", "missing_lines": 0, "excluded_lines": 0, "percent_statements_covered": 100.0, "percent_statements_covered_display": "100", "num_branches": 6, "num_partial_branches": 0, "covered_branches": 6, "missing_branches": 0, "percent_branches_covered": 100.0, "percent_branches_covered_display": "100"}, "missing_lines": [], "excluded_lines": [], "start_line": 398, "executed_branches": [[418, 419], [418, 421], [421, 422], [421, 447], [440, 441], [440, 445]], "missing_branches": []}, "_clone_reference_repos": {"executed_lines": [457, 458, 459, 460, 461, 462, 463, 464, 467, 468, 469, 470, 471, 486, 487, 488, 489, 490, 491, 492, 493, 494, 495], "summary": {"covered_lines": 23, "num_statements": 23, "percent_covered": 100.0, "percent_covered_display": "100", "missing_lines": 0, "excluded_lines": 0, "percent_statements_covered": 100.0, "percent_statements_covered_display": "100", "num_branches": 4, "num_partial_branches": 0, "covered_branches": 4, "missing_branches": 0, "percent_branches_covered": 100.0, "percent_branches_covered_display": "100"}, "missing_lines": [], "excluded_lines": [], "start_line": 450, "executed_branches": [[457, -450], [457, 458], [489, 490], [489, 493]], "missing_branches": []}, "": {"executed_lines": [3, 5, 6, 7, 8, 9, 10, 11, 12, 13, 14, 15, 16, 17, 19, 20, 21, 24, 27, 30, 33, 45, 46, 47, 49, 53, 54, 56, 57, 59, 60, 63, 184, 352, 365, 383, 398, 450, 498], "summary": {"covered_lines": 39, "num_statements": 40, "percent_covered": 95.23809523809524, "percent_covered_display": "95", "missing_lines": 1, "excluded_lines": 0, "percent_statements_covered": 97.5, "percent_statements_covered_display": "98", "num_branches": 2, "num_partial_branches": 1, "covered_branches": 1, "missing_branches": 1, "percent_branches_covered": 50.0, "percent_branches_covered_display": "50"}, "missing_lines": [499], "excluded_lines": [], "start_line": 1, "executed_branches": [[498, -1]], "missing_branches": [[498, 499]]}}, "classes": {"": {"executed_lines": [3, 5, 6, 7, 8, 9, 10, 11, 12, 13, 14, 15, 16, 17, 19, 20, 21, 24, 27, 30, 33, 45, 46, 47, 49, 53, 54, 56, 57, 59, 60, 63, 65, 69, 76, 81, 87, 92, 108, 114, 119, 124, 129, 134, 142, 150, 158, 166, 174, 181, 184, 186, 187, 188, 189, 190, 191, 192, 193, 195, 196, 197, 198, 199, 200, 202, 203, 207, 209, 210, 224, 225, 230, 231, 232, 233, 234, 236, 237, 238, 239, 240, 241, 242, 244, 258, 259, 260, 264, 266, 267, 268, 273, 274, 275, 276, 277, 278, 279, 280, 281, 282, 283, 284, 286, 291, 292, 293, 294, 298, 309, 310, 317, 318, 319, 320, 321, 322, 323, 324, 325, 326, 334, 335, 342, 343, 344, 345, 347, 348, 349, 352, 359, 360, 361, 362, 365, 380, 383, 390, 391, 392, 393, 394, 395, 398, 417, 418, 419, 421, 422, 423, 424, 425, 426, 427, 435, 436, 437, 440, 441, 442, 443, 444, 445, 447, 450, 457, 458, 459, 460, 461, 462, 463, 464, 467, 468, 469, 470, 471, 486, 487, 488, 489, 490, 491, 492, 493, 494, 495, 498], "summary": {"covered_lines": 191, "num_statements": 192, "percent_covered": 99.15966386554622, "percent_covered_display": "99", "missing_lines": 1, "excluded_lines": 0, "percent_statements_covered": 99.47916666666667, "percent_statements_covered_display": "99", "num_branches": 46, "num_partial_branches": 1, "covered_branches": 45, "missing_branches": 1, "percent_branches_covered": 97.82608695652173, "percent_branches_covered_display": "98"}, "missing_lines": [499], "excluded_lines": [], "start_line": 1, "executed_branches": [[202, 203], [202, 209], [209, 210], [209, 236], [241, 242], [241, 244], [259, 260], [259, 264], [264, 266], [264, 347], [267, 268], [267, 273], [273, 274], [273, 275], [275, 276], [275, 277], [277, 278], [277, 279], [279, 280], [279, 281], [281, 282], [281, 283], [283, 284], [283, 286], [294, 298], [294, 310], [325, 326], [325, 335], [335, 342], [335, 344], [360, 361], [360, 362], [391, 392], [391, 395], [418, 419], [418, 421], [421, 422], [421, 447], [440, 441], [440, 445], [457, -450], [457, 458], [489, 490], [489, 493], [498, -1]], "missing_branches": [[498, 499]]}}}, "src/helping_hands/lib/__init__.py": {"executed_lines": [9], "summary": {"covered_lines": 1, "num_statements": 1, "percent_covered": 100.0, "percent_covered_display": "100", "missing_lines": 0, "excluded_lines": 0, "percent_statements_covered": 100.0, "percent_statements_covered_display": "100", "num_branches": 0, "num_partial_branches": 0, "covered_branches": 0, "missing_branches": 0, "percent_branches_covered": 100.0, "percent_branches_covered_display": "100"}, "missing_lines": [], "excluded_lines": [], "executed_branches": [], "missing_branches": [], "functions": {"": {"executed_lines": [9], "summary": {"covered_lines": 1, "num_statements": 1, "percent_covered": 100.0, "percent_covered_display": "100", "missing_lines": 0, "excluded_lines": 0, "percent_statements_covered": 100.0, "percent_statements_covered_display": "100", "num_branches": 0, "num_partial_branches": 0, "covered_branches": 0, "missing_branches": 0, "percent_branches_covered": 100.0, "percent_branches_covered_display": "100"}, "missing_lines": [], "excluded_lines": [], "start_line": 1, "executed_branches": [], "missing_branches": []}}, "classes": {"": {"executed_lines": [9], "summary": {"covered_lines": 1, "num_statements": 1, "percent_covered": 100.0, "percent_covered_display": "100", "missing_lines": 0, "excluded_lines": 0, "percent_statements_covered": 100.0, "percent_statements_covered_display": "100", "num_branches": 0, "num_partial_branches": 0, "covered_branches": 0, "missing_branches": 0, "percent_branches_covered": 100.0, "percent_branches_covered_display": "100"}, "missing_lines": [], "excluded_lines": [], "start_line": 1, "executed_branches": [], "missing_branches": []}}}, "src/helping_hands/lib/ai_providers/__init__.py": {"executed_lines": [11, 15, 16, 17, 18, 19, 21, 29], "summary": {"covered_lines": 8, "num_statements": 8, "percent_covered": 100.0, "percent_covered_display": "100", "missing_lines": 0, "excluded_lines": 0, "percent_statements_covered": 100.0, "percent_statements_covered_display": "100", "num_branches": 0, "num_partial_branches": 0, "covered_branches": 0, "missing_branches": 0, "percent_branches_covered": 100.0, "percent_branches_covered_display": "100"}, "missing_lines": [], "excluded_lines": [], "executed_branches": [], "missing_branches": [], "functions": {"": {"executed_lines": [11, 15, 16, 17, 18, 19, 21, 29], "summary": {"covered_lines": 8, "num_statements": 8, "percent_covered": 100.0, "percent_covered_display": "100", "missing_lines": 0, "excluded_lines": 0, "percent_statements_covered": 100.0, "percent_statements_covered_display": "100", "num_branches": 0, "num_partial_branches": 0, "covered_branches": 0, "missing_branches": 0, "percent_branches_covered": 100.0, "percent_branches_covered_display": "100"}, "missing_lines": [], "excluded_lines": [], "start_line": 1, "executed_branches": [], "missing_branches": []}}, "classes": {"": {"executed_lines": [11, 15, 16, 17, 18, 19, 21, 29], "summary": {"covered_lines": 8, "num_statements": 8, "percent_covered": 100.0, "percent_covered_display": "100", "missing_lines": 0, "excluded_lines": 0, "percent_statements_covered": 100.0, "percent_statements_covered_display": "100", "num_branches": 0, "num_partial_branches": 0, "covered_branches": 0, "missing_branches": 0, "percent_branches_covered": 100.0, "percent_branches_covered_display": "100"}, "missing_lines": [], "excluded_lines": [], "start_line": 1, "executed_branches": [], "missing_branches": []}}}, "src/helping_hands/lib/ai_providers/anthropic.py": {"executed_lines": [3, 5, 6, 8, 10, 12, 13, 16, 19, 20, 21, 22, 24, 37, 38, 39, 40, 44, 45, 46, 47, 49, 70, 71, 79], "summary": {"covered_lines": 25, "num_statements": 25, "percent_covered": 100.0, "percent_covered_display": "100", "missing_lines": 0, "excluded_lines": 0, "percent_statements_covered": 100.0, "percent_statements_covered_display": "100", "num_branches": 2, "num_partial_branches": 0, "covered_branches": 2, "missing_branches": 0, "percent_branches_covered": 100.0, "percent_branches_covered_display": "100"}, "missing_lines": [], "excluded_lines": [], "executed_branches": [[45, 46], [45, 47]], "missing_branches": [], "functions": {"AnthropicProvider._build_inner": {"executed_lines": [37, 38, 39, 40, 44, 45, 46, 47], "summary": {"covered_lines": 8, "num_statements": 8, "percent_covered": 100.0, "percent_covered_display": "100", "missing_lines": 0, "excluded_lines": 0, "percent_statements_covered": 100.0, "percent_statements_covered_display": "100", "num_branches": 2, "num_partial_branches": 0, "covered_branches": 2, "missing_branches": 0, "percent_branches_covered": 100.0, "percent_branches_covered_display": "100"}, "missing_lines": [], "excluded_lines": [], "start_line": 24, "executed_branches": [[45, 46], [45, 47]], "missing_branches": []}, "AnthropicProvider._complete_impl": {"executed_lines": [70, 71], "summary": {"covered_lines": 2, "num_statements": 2, "percent_covered": 100.0, "percent_covered_display": "100", "missing_lines": 0, "excluded_lines": 0, "percent_statements_covered": 100.0, "percent_statements_covered_display": "100", "num_branches": 0, "num_partial_branches": 0, "covered_branches": 0, "missing_branches": 0, "percent_branches_covered": 100.0, "percent_branches_covered_display": "100"}, "missing_lines": [], "excluded_lines": [], "start_line": 49, "executed_branches": [], "missing_branches": []}, "": {"executed_lines": [3, 5, 6, 8, 10, 12, 13, 16, 19, 20, 21, 22, 24, 49, 79], "summary": {"covered_lines": 15, "num_statements": 15, "percent_covered": 100.0, "percent_covered_display": "100", "missing_lines": 0, "excluded_lines": 0, "percent_statements_covered": 100.0, "percent_statements_covered_display": "100", "num_branches": 0, "num_partial_branches": 0, "covered_branches": 0, "missing_branches": 0, "percent_branches_covered": 100.0, "percent_branches_covered_display": "100"}, "missing_lines": [], "excluded_lines": [], "start_line": 1, "executed_branches": [], "missing_branches": []}}, "classes": {"AnthropicProvider": {"executed_lines": [37, 38, 39, 40, 44, 45, 46, 47, 70, 71], "summary": {"covered_lines": 10, "num_statements": 10, "percent_covered": 100.0, "percent_covered_display": "100", "missing_lines": 0, "excluded_lines": 0, "percent_statements_covered": 100.0, "percent_statements_covered_display": "100", "num_branches": 2, "num_partial_branches": 0, "covered_branches": 2, "missing_branches": 0, "percent_branches_covered": 100.0, "percent_branches_covered_display": "100"}, "missing_lines": [], "excluded_lines": [], "start_line": 16, "executed_branches": [[45, 46], [45, 47]], "missing_branches": []}, "": {"executed_lines": [3, 5, 6, 8, 10, 12, 13, 16, 19, 20, 21, 22, 24, 49, 79], "summary": {"covered_lines": 15, "num_statements": 15, "percent_covered": 100.0, "percent_covered_display": "100", "missing_lines": 0, "excluded_lines": 0, "percent_statements_covered": 100.0, "percent_statements_covered_display": "100", "num_branches": 0, "num_partial_branches": 0, "covered_branches": 0, "missing_branches": 0, "percent_branches_covered": 100.0, "percent_branches_covered_display": "100"}, "missing_lines": [], "excluded_lines": [], "start_line": 1, "executed_branches": [], "missing_branches": []}}}, "src/helping_hands/lib/ai_providers/google.py": {"executed_lines": [3, 5, 6, 8, 10, 13, 16, 17, 18, 19, 21, 34, 35, 36, 37, 41, 42, 43, 44, 46, 72, 73, 74, 77, 84], "summary": {"covered_lines": 25, "num_statements": 25, "percent_covered": 100.0, "percent_covered_display": "100", "missing_lines": 0, "excluded_lines": 0, "percent_statements_covered": 100.0, "percent_statements_covered_display": "100", "num_branches": 4, "num_partial_branches": 0, "covered_branches": 4, "missing_branches": 0, "percent_branches_covered": 100.0, "percent_branches_covered_display": "100"}, "missing_lines": [], "excluded_lines": [], "executed_branches": [[42, 43], [42, 44], [73, 74], [73, 77]], "missing_branches": [], "functions": {"GoogleProvider._build_inner": {"executed_lines": [34, 35, 36, 37, 41, 42, 43, 44], "summary": {"covered_lines": 8, "num_statements": 8, "percent_covered": 100.0, "percent_covered_display": "100", "missing_lines": 0, "excluded_lines": 0, "percent_statements_covered": 100.0, "percent_statements_covered_display": "100", "num_branches": 2, "num_partial_branches": 0, "covered_branches": 2, "missing_branches": 0, "percent_branches_covered": 100.0, "percent_branches_covered_display": "100"}, "missing_lines": [], "excluded_lines": [], "start_line": 21, "executed_branches": [[42, 43], [42, 44]], "missing_branches": []}, "GoogleProvider._complete_impl": {"executed_lines": [72, 73, 74, 77], "summary": {"covered_lines": 4, "num_statements": 4, "percent_covered": 100.0, "percent_covered_display": "100", "missing_lines": 0, "excluded_lines": 0, "percent_statements_covered": 100.0, "percent_statements_covered_display": "100", "num_branches": 2, "num_partial_branches": 0, "covered_branches": 2, "missing_branches": 0, "percent_branches_covered": 100.0, "percent_branches_covered_display": "100"}, "missing_lines": [], "excluded_lines": [], "start_line": 46, "executed_branches": [[73, 74], [73, 77]], "missing_branches": []}, "": {"executed_lines": [3, 5, 6, 8, 10, 13, 16, 17, 18, 19, 21, 46, 84], "summary": {"covered_lines": 13, "num_statements": 13, "percent_covered": 100.0, "percent_covered_display": "100", "missing_lines": 0, "excluded_lines": 0, "percent_statements_covered": 100.0, "percent_statements_covered_display": "100", "num_branches": 0, "num_partial_branches": 0, "covered_branches": 0, "missing_branches": 0, "percent_branches_covered": 100.0, "percent_branches_covered_display": "100"}, "missing_lines": [], "excluded_lines": [], "start_line": 1, "executed_branches": [], "missing_branches": []}}, "classes": {"GoogleProvider": {"executed_lines": [34, 35, 36, 37, 41, 42, 43, 44, 72, 73, 74, 77], "summary": {"covered_lines": 12, "num_statements": 12, "percent_covered": 100.0, "percent_covered_display": "100", "missing_lines": 0, "excluded_lines": 0, "percent_statements_covered": 100.0, "percent_statements_covered_display": "100", "num_branches": 4, "num_partial_branches": 0, "covered_branches": 4, "missing_branches": 0, "percent_branches_covered": 100.0, "percent_branches_covered_display": "100"}, "missing_lines": [], "excluded_lines": [], "start_line": 13, "executed_branches": [[42, 43], [42, 44], [73, 74], [73, 77]], "missing_branches": []}, "": {"executed_lines": [3, 5, 6, 8, 10, 13, 16, 17, 18, 19, 21, 46, 84], "summary": {"covered_lines": 13, "num_statements": 13, "percent_covered": 100.0, "percent_covered_display": "100", "missing_lines": 0, "excluded_lines": 0, "percent_statements_covered": 100.0, "percent_statements_covered_display": "100", "num_branches": 0, "num_partial_branches": 0, "covered_branches": 0, "missing_branches": 0, "percent_branches_covered": 100.0, "percent_branches_covered_display": "100"}, "missing_lines": [], "excluded_lines": [], "start_line": 1, "executed_branches": [], "missing_branches": []}}}, "src/helping_hands/lib/ai_providers/litellm.py": {"executed_lines": [3, 5, 6, 8, 10, 13, 16, 17, 18, 19, 21, 33, 34, 35, 36, 40, 41, 42, 43, 45, 65, 72], "summary": {"covered_lines": 22, "num_statements": 22, "percent_covered": 100.0, "percent_covered_display": "100", "missing_lines": 0, "excluded_lines": 0, "percent_statements_covered": 100.0, "percent_statements_covered_display": "100", "num_branches": 2, "num_partial_branches": 0, "covered_branches": 2, "missing_branches": 0, "percent_branches_covered": 100.0, "percent_branches_covered_display": "100"}, "missing_lines": [], "excluded_lines": [], "executed_branches": [[41, 42], [41, 43]], "missing_branches": [], "functions": {"LiteLLMProvider._build_inner": {"executed_lines": [33, 34, 35, 36, 40, 41, 42, 43], "summary": {"covered_lines": 8, "num_statements": 8, "percent_covered": 100.0, "percent_covered_display": "100", "missing_lines": 0, "excluded_lines": 0, "percent_statements_covered": 100.0, "percent_statements_covered_display": "100", "num_branches": 2, "num_partial_branches": 0, "covered_branches": 2, "missing_branches": 0, "percent_branches_covered": 100.0, "percent_branches_covered_display": "100"}, "missing_lines": [], "excluded_lines": [], "start_line": 21, "executed_branches": [[41, 42], [41, 43]], "missing_branches": []}, "LiteLLMProvider._complete_impl": {"executed_lines": [65], "summary": {"covered_lines": 1, "num_statements": 1, "percent_covered": 100.0, "percent_covered_display": "100", "missing_lines": 0, "excluded_lines": 0, "percent_statements_covered": 100.0, "percent_statements_covered_display": "100", "num_branches": 0, "num_partial_branches": 0, "covered_branches": 0, "missing_branches": 0, "percent_branches_covered": 100.0, "percent_branches_covered_display": "100"}, "missing_lines": [], "excluded_lines": [], "start_line": 45, "executed_branches": [], "missing_branches": []}, "": {"executed_lines": [3, 5, 6, 8, 10, 13, 16, 17, 18, 19, 21, 45, 72], "summary": {"covered_lines": 13, "num_statements": 13, "percent_covered": 100.0, "percent_covered_display": "100", "missing_lines": 0, "excluded_lines": 0, "percent_statements_covered": 100.0, "percent_statements_covered_display": "100", "num_branches": 0, "num_partial_branches": 0, "covered_branches": 0, "missing_branches": 0, "percent_branches_covered": 100.0, "percent_branches_covered_display": "100"}, "missing_lines": [], "excluded_lines": [], "start_line": 1, "executed_branches": [], "missing_branches": []}}, "classes": {"LiteLLMProvider": {"executed_lines": [33, 34, 35, 36, 40, 41, 42, 43, 65], "summary": {"covered_lines": 9, "num_statements": 9, "percent_covered": 100.0, "percent_covered_display": "100", "missing_lines": 0, "excluded_lines": 0, "percent_statements_covered": 100.0, "percent_statements_covered_display": "100", "num_branches": 2, "num_partial_branches": 0, "covered_branches": 2, "missing_branches": 0, "percent_branches_covered": 100.0, "percent_branches_covered_display": "100"}, "missing_lines": [], "excluded_lines": [], "start_line": 13, "executed_branches": [[41, 42], [41, 43]], "missing_branches": []}, "": {"executed_lines": [3, 5, 6, 8, 10, 13, 16, 17, 18, 19, 21, 45, 72], "summary": {"covered_lines": 13, "num_statements": 13, "percent_covered": 100.0, "percent_covered_display": "100", "missing_lines": 0, "excluded_lines": 0, "percent_statements_covered": 100.0, "percent_statements_covered_display": "100", "num_branches": 0, "num_partial_branches": 0, "covered_branches": 0, "missing_branches": 0, "percent_branches_covered": 100.0, "percent_branches_covered_display": "100"}, "missing_lines": [], "excluded_lines": [], "start_line": 1, "executed_branches": [], "missing_branches": []}}}, "src/helping_hands/lib/ai_providers/ollama.py": {"executed_lines": [3, 5, 6, 8, 10, 13, 16, 17, 18, 19, 20, 21, 23, 36, 37, 38, 39, 43, 44, 45, 47, 67, 74], "summary": {"covered_lines": 23, "num_statements": 23, "percent_covered": 100.0, "percent_covered_display": "100", "missing_lines": 0, "excluded_lines": 0, "percent_statements_covered": 100.0, "percent_statements_covered_display": "100", "num_branches": 0, "num_partial_branches": 0, "covered_branches": 0, "missing_branches": 0, "percent_branches_covered": 100.0, "percent_branches_covered_display": "100"}, "missing_lines": [], "excluded_lines": [], "executed_branches": [], "missing_branches": [], "functions": {"OllamaProvider._build_inner": {"executed_lines": [36, 37, 38, 39, 43, 44, 45], "summary": {"covered_lines": 7, "num_statements": 7, "percent_covered": 100.0, "percent_covered_display": "100", "missing_lines": 0, "excluded_lines": 0, "percent_statements_covered": 100.0, "percent_statements_covered_display": "100", "num_branches": 0, "num_partial_branches": 0, "covered_branches": 0, "missing_branches": 0, "percent_branches_covered": 100.0, "percent_branches_covered_display": "100"}, "missing_lines": [], "excluded_lines": [], "start_line": 23, "executed_branches": [], "missing_branches": []}, "OllamaProvider._complete_impl": {"executed_lines": [67], "summary": {"covered_lines": 1, "num_statements": 1, "percent_covered": 100.0, "percent_covered_display": "100", "missing_lines": 0, "excluded_lines": 0, "percent_statements_covered": 100.0, "percent_statements_covered_display": "100", "num_branches": 0, "num_partial_branches": 0, "covered_branches": 0, "missing_branches": 0, "percent_branches_covered": 100.0, "percent_branches_covered_display": "100"}, "missing_lines": [], "excluded_lines": [], "start_line": 47, "executed_branches": [], "missing_branches": []}, "": {"executed_lines": [3, 5, 6, 8, 10, 13, 16, 17, 18, 19, 20, 21, 23, 47, 74], "summary": {"covered_lines": 15, "num_statements": 15, "percent_covered": 100.0, "percent_covered_display": "100", "missing_lines": 0, "excluded_lines": 0, "percent_statements_covered": 100.0, "percent_statements_covered_display": "100", "num_branches": 0, "num_partial_branches": 0, "covered_branches": 0, "missing_branches": 0, "percent_branches_covered": 100.0, "percent_branches_covered_display": "100"}, "missing_lines": [], "excluded_lines": [], "start_line": 1, "executed_branches": [], "missing_branches": []}}, "classes": {"OllamaProvider": {"executed_lines": [36, 37, 38, 39, 43, 44, 45, 67], "summary": {"covered_lines": 8, "num_statements": 8, "percent_covered": 100.0, "percent_covered_display": "100", "missing_lines": 0, "excluded_lines": 0, "percent_statements_covered": 100.0, "percent_statements_covered_display": "100", "num_branches": 0, "num_partial_branches": 0, "covered_branches": 0, "missing_branches": 0, "percent_branches_covered": 100.0, "percent_branches_covered_display": "100"}, "missing_lines": [], "excluded_lines": [], "start_line": 13, "executed_branches": [], "missing_branches": []}, "": {"executed_lines": [3, 5, 6, 8, 10, 13, 16, 17, 18, 19, 20, 21, 23, 47, 74], "summary": {"covered_lines": 15, "num_statements": 15, "percent_covered": 100.0, "percent_covered_display": "100", "missing_lines": 0, "excluded_lines": 0, "percent_statements_covered": 100.0, "percent_statements_covered_display": "100", "num_branches": 0, "num_partial_branches": 0, "covered_branches": 0, "missing_branches": 0, "percent_branches_covered": 100.0, "percent_branches_covered_display": "100"}, "missing_lines": [], "excluded_lines": [], "start_line": 1, "executed_branches": [], "missing_branches": []}}}, "src/helping_hands/lib/ai_providers/openai.py": {"executed_lines": [3, 5, 6, 8, 10, 13, 16, 17, 18, 19, 21, 34, 35, 36, 37, 41, 42, 43, 44, 46, 66, 73], "summary": {"covered_lines": 22, "num_statements": 22, "percent_covered": 100.0, "percent_covered_display": "100", "missing_lines": 0, "excluded_lines": 0, "percent_statements_covered": 100.0, "percent_statements_covered_display": "100", "num_branches": 2, "num_partial_branches": 0, "covered_branches": 2, "missing_branches": 0, "percent_branches_covered": 100.0, "percent_branches_covered_display": "100"}, "missing_lines": [], "excluded_lines": [], "executed_branches": [[42, 43], [42, 44]], "missing_branches": [], "functions": {"OpenAIProvider._build_inner": {"executed_lines": [34, 35, 36, 37, 41, 42, 43, 44], "summary": {"covered_lines": 8, "num_statements": 8, "percent_covered": 100.0, "percent_covered_display": "100", "missing_lines": 0, "excluded_lines": 0, "percent_statements_covered": 100.0, "percent_statements_covered_display": "100", "num_branches": 2, "num_partial_branches": 0, "covered_branches": 2, "missing_branches": 0, "percent_branches_covered": 100.0, "percent_branches_covered_display": "100"}, "missing_lines": [], "excluded_lines": [], "start_line": 21, "executed_branches": [[42, 43], [42, 44]], "missing_branches": []}, "OpenAIProvider._complete_impl": {"executed_lines": [66], "summary": {"covered_lines": 1, "num_statements": 1, "percent_covered": 100.0, "percent_covered_display": "100", "missing_lines": 0, "excluded_lines": 0, "percent_statements_covered": 100.0, "percent_statements_covered_display": "100", "num_branches": 0, "num_partial_branches": 0, "covered_branches": 0, "missing_branches": 0, "percent_branches_covered": 100.0, "percent_branches_covered_display": "100"}, "missing_lines": [], "excluded_lines": [], "start_line": 46, "executed_branches": [], "missing_branches": []}, "": {"executed_lines": [3, 5, 6, 8, 10, 13, 16, 17, 18, 19, 21, 46, 73], "summary": {"covered_lines": 13, "num_statements": 13, "percent_covered": 100.0, "percent_covered_display": "100", "missing_lines": 0, "excluded_lines": 0, "percent_statements_covered": 100.0, "percent_statements_covered_display": "100", "num_branches": 0, "num_partial_branches": 0, "covered_branches": 0, "missing_branches": 0, "percent_branches_covered": 100.0, "percent_branches_covered_display": "100"}, "missing_lines": [], "excluded_lines": [], "start_line": 1, "executed_branches": [], "missing_branches": []}}, "classes": {"OpenAIProvider": {"executed_lines": [34, 35, 36, 37, 41, 42, 43, 44, 66], "summary": {"covered_lines": 9, "num_statements": 9, "percent_covered": 100.0, "percent_covered_display": "100", "missing_lines": 0, "excluded_lines": 0, "percent_statements_covered": 100.0, "percent_statements_covered_display": "100", "num_branches": 2, "num_partial_branches": 0, "covered_branches": 2, "missing_branches": 0, "percent_branches_covered": 100.0, "percent_branches_covered_display": "100"}, "missing_lines": [], "excluded_lines": [], "start_line": 13, "executed_branches": [[42, 43], [42, 44]], "missing_branches": []}, "": {"executed_lines": [3, 5, 6, 8, 10, 13, 16, 17, 18, 19, 21, 46, 73], "summary": {"covered_lines": 13, "num_statements": 13, "percent_covered": 100.0, "percent_covered_display": "100", "missing_lines": 0, "excluded_lines": 0, "percent_statements_covered": 100.0, "percent_statements_covered_display": "100", "num_branches": 0, "num_partial_branches": 0, "covered_branches": 0, "missing_branches": 0, "percent_branches_covered": 100.0, "percent_branches_covered_display": "100"}, "missing_lines": [], "excluded_lines": [], "start_line": 1, "executed_branches": [], "missing_branches": []}}}, "src/helping_hands/lib/ai_providers/types.py": {"executed_lines": [8, 10, 11, 12, 13, 15, 17, 20, 36, 37, 39, 40, 41, 42, 46, 47, 48, 49, 52, 55, 56, 57, 59, 60, 62, 63, 65, 66, 67, 69, 70, 71, 74, 75, 78, 79, 89, 97, 98, 99, 100, 103, 110, 118], "summary": {"covered_lines": 44, "num_statements": 44, "percent_covered": 100.0, "percent_covered_display": "100", "missing_lines": 0, "excluded_lines": 0, "percent_statements_covered": 100.0, "percent_statements_covered_display": "100", "num_branches": 10, "num_partial_branches": 0, "covered_branches": 10, "missing_branches": 0, "percent_branches_covered": 100.0, "percent_branches_covered_display": "100"}, "missing_lines": [], "excluded_lines": [], "executed_branches": [[36, 37], [36, 39], [40, 41], [40, 49], [41, 42], [41, 46], [65, 66], [65, 67], [99, 100], [99, 103]], "missing_branches": [], "functions": {"normalize_messages": {"executed_lines": [36, 37, 39, 40, 41, 42, 46, 47, 48, 49], "summary": {"covered_lines": 10, "num_statements": 10, "percent_covered": 100.0, "percent_covered_display": "100", "missing_lines": 0, "excluded_lines": 0, "percent_statements_covered": 100.0, "percent_statements_covered_display": "100", "num_branches": 6, "num_partial_branches": 0, "covered_branches": 6, "missing_branches": 0, "percent_branches_covered": 100.0, "percent_branches_covered_display": "100"}, "missing_lines": [], "excluded_lines": [], "start_line": 20, "executed_branches": [[36, 37], [36, 39], [40, 41], [40, 49], [41, 42], [41, 46]], "missing_branches": []}, "AIProvider.__init__": {"executed_lines": [60], "summary": {"covered_lines": 1, "num_statements": 1, "percent_covered": 100.0, "percent_covered_display": "100", "missing_lines": 0, "excluded_lines": 0, "percent_statements_covered": 100.0, "percent_statements_covered_display": "100", "num_branches": 0, "num_partial_branches": 0, "covered_branches": 0, "missing_branches": 0, "percent_branches_covered": 100.0, "percent_branches_covered_display": "100"}, "missing_lines": [], "excluded_lines": [], "start_line": 59, "executed_branches": [], "missing_branches": []}, "AIProvider.inner": {"executed_lines": [65, 66, 67], "summary": {"covered_lines": 3, "num_statements": 3, "percent_covered": 100.0, "percent_covered_display": "100", "missing_lines": 0, "excluded_lines": 0, "percent_statements_covered": 100.0, "percent_statements_covered_display": "100", "num_branches": 2, "num_partial_branches": 0, "covered_branches": 2, "missing_branches": 0, "percent_branches_covered": 100.0, "percent_branches_covered_display": "100"}, "missing_lines": [], "excluded_lines": [], "start_line": 63, "executed_branches": [[65, 66], [65, 67]], "missing_branches": []}, "AIProvider.install_hint": {"executed_lines": [], "summary": {"covered_lines": 0, "num_statements": 0, "percent_covered": 100.0, "percent_covered_display": "100", "missing_lines": 0, "excluded_lines": 0, "percent_statements_covered": 100.0, "percent_statements_covered_display": "100", "num_branches": 0, "num_partial_branches": 0, "covered_branches": 0, "missing_branches": 0, "percent_branches_covered": 100.0, "percent_branches_covered_display": "100"}, "missing_lines": [], "excluded_lines": [], "start_line": 71, "executed_branches": [], "missing_branches": []}, "AIProvider._build_inner": {"executed_lines": [], "summary": {"covered_lines": 0, "num_statements": 0, "percent_covered": 100.0, "percent_covered_display": "100", "missing_lines": 0, "excluded_lines": 0, "percent_statements_covered": 100.0, "percent_statements_covered_display": "100", "num_branches": 0, "num_partial_branches": 0, "covered_branches": 0, "missing_branches": 0, "percent_branches_covered": 100.0, "percent_branches_covered_display": "100"}, "missing_lines": [], "excluded_lines": [], "start_line": 75, "executed_branches": [], "missing_branches": []}, "AIProvider._complete_impl": {"executed_lines": [], "summary": {"covered_lines": 0, "num_statements": 0, "percent_covered": 100.0, "percent_covered_display": "100", "missing_lines": 0, "excluded_lines": 0, "percent_statements_covered": 100.0, "percent_statements_covered_display": "100", "num_branches": 0, "num_partial_branches": 0, "covered_branches": 0, "missing_branches": 0, "percent_branches_covered": 100.0, "percent_branches_covered_display": "100"}, "missing_lines": [], "excluded_lines": [], "start_line": 79, "executed_branches": [], "missing_branches": []}, "AIProvider.complete": {"executed_lines": [97, 98, 99, 100, 103], "summary": {"covered_lines": 5, "num_statements": 5, "percent_covered": 100.0, "percent_covered_display": "100", "missing_lines": 0, "excluded_lines": 0, "percent_statements_covered": 100.0, "percent_statements_covered_display": "100", "num_branches": 2, "num_partial_branches": 0, "covered_branches": 2, "missing_branches": 0, "percent_branches_covered": 100.0, "percent_branches_covered_display": "100"}, "missing_lines": [], "excluded_lines": [], "start_line": 89, "executed_branches": [[99, 100], [99, 103]], "missing_branches": []}, "AIProvider.acomplete": {"executed_lines": [118], "summary": {"covered_lines": 1, "num_statements": 1, "percent_covered": 100.0, "percent_covered_display": "100", "missing_lines": 0, "excluded_lines": 0, "percent_statements_covered": 100.0, "percent_statements_covered_display": "100", "num_branches": 0, "num_partial_branches": 0, "covered_branches": 0, "missing_branches": 0, "percent_branches_covered": 100.0, "percent_branches_covered_display": "100"}, "missing_lines": [], "excluded_lines": [], "start_line": 110, "executed_branches": [], "missing_branches": []}, "": {"executed_lines": [8, 10, 11, 12, 13, 15, 17, 20, 52, 55, 56, 57, 59, 62, 63, 69, 70, 71, 74, 75, 78, 79, 89, 110], "summary": {"covered_lines": 24, "num_statements": 24, "percent_covered": 100.0, "percent_covered_display": "100", "missing_lines": 0, "excluded_lines": 0, "percent_statements_covered": 100.0, "percent_statements_covered_display": "100", "num_branches": 0, "num_partial_branches": 0, "covered_branches": 0, "missing_branches": 0, "percent_branches_covered": 100.0, "percent_branches_covered_display": "100"}, "missing_lines": [], "excluded_lines": [], "start_line": 1, "executed_branches": [], "missing_branches": []}}, "classes": {"AIProvider": {"executed_lines": [60, 65, 66, 67, 97, 98, 99, 100, 103, 118], "summary": {"covered_lines": 10, "num_statements": 10, "percent_covered": 100.0, "percent_covered_display": "100", "missing_lines": 0, "excluded_lines": 0, "percent_statements_covered": 100.0, "percent_statements_covered_display": "100", "num_branches": 4, "num_partial_branches": 0, "covered_branches": 4, "missing_branches": 0, "percent_branches_covered": 100.0, "percent_branches_covered_display": "100"}, "missing_lines": [], "excluded_lines": [], "start_line": 52, "executed_branches": [[65, 66], [65, 67], [99, 100], [99, 103]], "missing_branches": []}, "": {"executed_lines": [8, 10, 11, 12, 13, 15, 17, 20, 36, 37, 39, 40, 41, 42, 46, 47, 48, 49, 52, 55, 56, 57, 59, 62, 63, 69, 70, 71, 74, 75, 78, 79, 89, 110], "summary": {"covered_lines": 34, "num_statements": 34, "percent_covered": 100.0, "percent_covered_display": "100", "missing_lines": 0, "excluded_lines": 0, "percent_statements_covered": 100.0, "percent_statements_covered_display": "100", "num_branches": 6, "num_partial_branches": 0, "covered_branches": 6, "missing_branches": 0, "percent_branches_covered": 100.0, "percent_branches_covered_display": "100"}, "missing_lines": [], "excluded_lines": [], "start_line": 1, "executed_branches": [[36, 37], [36, 39], [40, 41], [40, 49], [41, 42], [41, 46]], "missing_branches": []}}}, "src/helping_hands/lib/config.py": {"executed_lines": [3, 5, 6, 7, 9, 10, 12, 14, 15, 19, 21, 22, 25, 35, 38, 40, 41, 43, 44, 45, 46, 47, 50, 51, 78, 79, 80, 81, 82, 83, 84, 85, 86, 87, 88, 90, 91, 96, 97, 99, 111, 112, 113, 115, 116, 117, 119, 121, 122, 123, 125, 127, 128, 129, 130, 131, 133, 135], "summary": {"covered_lines": 58, "num_statements": 58, "percent_covered": 100.0, "percent_covered_display": "100", "missing_lines": 0, "excluded_lines": 2, "percent_statements_covered": 100.0, "percent_statements_covered_display": "100", "num_branches": 16, "num_partial_branches": 0, "covered_branches": 16, "missing_branches": 0, "percent_branches_covered": 100.0, "percent_branches_covered_display": "100"}, "missing_lines": [], "excluded_lines": [16, 17], "executed_branches": [[40, 41], [40, 43], [44, -38], [44, 45], [46, -38], [46, 47], [112, 113], [112, 115], [116, 117], [116, 119], [122, 123], [122, 125], [128, 129], [128, 130], [130, 131], [130, 133]], "missing_branches": [], "functions": {"_is_truthy_env": {"executed_lines": [35], "summary": {"covered_lines": 1, "num_statements": 1, "percent_covered": 100.0, "percent_covered_display": "100", "missing_lines": 0, "excluded_lines": 0, "percent_statements_covered": 100.0, "percent_statements_covered_display": "100", "num_branches": 0, "num_partial_branches": 0, "covered_branches": 0, "missing_branches": 0, "percent_branches_covered": 100.0, "percent_branches_covered_display": "100"}, "missing_lines": [], "excluded_lines": [], "start_line": 25, "executed_branches": [], "missing_branches": []}, "_load_env_files": {"executed_lines": [40, 41, 43, 44, 45, 46, 47], "summary": {"covered_lines": 7, "num_statements": 7, "percent_covered": 100.0, "percent_covered_display": "100", "missing_lines": 0, "excluded_lines": 0, "percent_statements_covered": 100.0, "percent_statements_covered_display": "100", "num_branches": 6, "num_partial_branches": 0, "covered_branches": 6, "missing_branches": 0, "percent_branches_covered": 100.0, "percent_branches_covered_display": "100"}, "missing_lines": [], "excluded_lines": [], "start_line": 38, "executed_branches": [[40, 41], [40, 43], [44, -38], [44, 45], [46, -38], [46, 47]], "missing_branches": []}, "Config.from_env": {"executed_lines": [96, 97, 99, 111, 112, 113, 115, 116, 117, 119, 121, 122, 123, 125, 127, 128, 129, 130, 131, 133, 135], "summary": {"covered_lines": 21, "num_statements": 21, "percent_covered": 100.0, "percent_covered_display": "100", "missing_lines": 0, "excluded_lines": 0, "percent_statements_covered": 100.0, "percent_statements_covered_display": "100", "num_branches": 10, "num_partial_branches": 0, "covered_branches": 10, "missing_branches": 0, "percent_branches_covered": 100.0, "percent_branches_covered_display": "100"}, "missing_lines": [], "excluded_lines": [], "start_line": 91, "executed_branches": [[112, 113], [112, 115], [116, 117], [116, 119], [122, 123], [122, 125], [128, 129], [128, 130], [130, 131], [130, 133]], "missing_branches": []}, "": {"executed_lines": [3, 5, 6, 7, 9, 10, 12, 14, 15, 19, 21, 22, 25, 38, 50, 51, 78, 79, 80, 81, 82, 83, 84, 85, 86, 87, 88, 90, 91], "summary": {"covered_lines": 29, "num_statements": 29, "percent_covered": 100.0, "percent_covered_display": "100", "missing_lines": 0, "excluded_lines": 2, "percent_statements_covered": 100.0, "percent_statements_covered_display": "100", "num_branches": 0, "num_partial_branches": 0, "covered_branches": 0, "missing_branches": 0, "percent_branches_covered": 100.0, "percent_branches_covered_display": "100"}, "missing_lines": [], "excluded_lines": [16, 17], "start_line": 1, "executed_branches": [], "missing_branches": []}}, "classes": {"Config": {"executed_lines": [96, 97, 99, 111, 112, 113, 115, 116, 117, 119, 121, 122, 123, 125, 127, 128, 129, 130, 131, 133, 135], "summary": {"covered_lines": 21, "num_statements": 21, "percent_covered": 100.0, "percent_covered_display": "100", "missing_lines": 0, "excluded_lines": 0, "percent_statements_covered": 100.0, "percent_statements_covered_display": "100", "num_branches": 10, "num_partial_branches": 0, "covered_branches": 10, "missing_branches": 0, "percent_branches_covered": 100.0, "percent_branches_covered_display": "100"}, "missing_lines": [], "excluded_lines": [], "start_line": 51, "executed_branches": [[112, 113], [112, 115], [116, 117], [116, 119], [122, 123], [122, 125], [128, 129], [128, 130], [130, 131], [130, 133]], "missing_branches": []}, "": {"executed_lines": [3, 5, 6, 7, 9, 10, 12, 14, 15, 19, 21, 22, 25, 35, 38, 40, 41, 43, 44, 45, 46, 47, 50, 51, 78, 79, 80, 81, 82, 83, 84, 85, 86, 87, 88, 90, 91], "summary": {"covered_lines": 37, "num_statements": 37, "percent_covered": 100.0, "percent_covered_display": "100", "missing_lines": 0, "excluded_lines": 2, "percent_statements_covered": 100.0, "percent_statements_covered_display": "100", "num_branches": 6, "num_partial_branches": 0, "covered_branches": 6, "missing_branches": 0, "percent_branches_covered": 100.0, "percent_branches_covered_display": "100"}, "missing_lines": [], "excluded_lines": [16, 17], "start_line": 1, "executed_branches": [[40, 41], [40, 43], [44, -38], [44, 45], [46, -38], [46, 47]], "missing_branches": []}}}, "src/helping_hands/lib/default_prompts.py": {"executed_lines": [3, 5], "summary": {"covered_lines": 2, "num_statements": 2, "percent_covered": 100.0, "percent_covered_display": "100", "missing_lines": 0, "excluded_lines": 0, "percent_statements_covered": 100.0, "percent_statements_covered_display": "100", "num_branches": 0, "num_partial_branches": 0, "covered_branches": 0, "missing_branches": 0, "percent_branches_covered": 100.0, "percent_branches_covered_display": "100"}, "missing_lines": [], "excluded_lines": [], "executed_branches": [], "missing_branches": [], "functions": {"": {"executed_lines": [3, 5], "summary": {"covered_lines": 2, "num_statements": 2, "percent_covered": 100.0, "percent_covered_display": "100", "missing_lines": 0, "excluded_lines": 0, "percent_statements_covered": 100.0, "percent_statements_covered_display": "100", "num_branches": 0, "num_partial_branches": 0, "covered_branches": 0, "missing_branches": 0, "percent_branches_covered": 100.0, "percent_branches_covered_display": "100"}, "missing_lines": [], "excluded_lines": [], "start_line": 1, "executed_branches": [], "missing_branches": []}}, "classes": {"": {"executed_lines": [3, 5], "summary": {"covered_lines": 2, "num_statements": 2, "percent_covered": 100.0, "percent_covered_display": "100", "missing_lines": 0, "excluded_lines": 0, "percent_statements_covered": 100.0, "percent_statements_covered_display": "100", "num_branches": 0, "num_partial_branches": 0, "covered_branches": 0, "missing_branches": 0, "percent_branches_covered": 100.0, "percent_branches_covered_display": "100"}, "missing_lines": [], "excluded_lines": [], "start_line": 1, "executed_branches": [], "missing_branches": []}}}, "src/helping_hands/lib/github.py": {"executed_lines": [7, 9, 10, 11, 12, 13, 14, 15, 17, 18, 19, 21, 23, 25, 27, 28, 29, 32, 39, 40, 41, 42, 43, 44, 47, 48, 53, 55, 56, 57, 61, 64, 71, 72, 73, 74, 75, 76, 77, 82, 88, 89, 92, 94, 101, 102, 113, 114, 115, 116, 117, 120, 121, 129, 130, 132, 141, 144, 145, 149, 150, 151, 157, 164, 165, 171, 173, 174, 180, 199, 200, 201, 202, 203, 204, 205, 206, 207, 208, 209, 210, 211, 212, 218, 219, 221, 222, 224, 225, 227, 228, 230, 231, 238, 239, 249, 250, 257, 258, 259, 260, 262, 263, 265, 266, 272, 273, 289, 290, 291, 292, 293, 294, 295, 297, 298, 305, 306, 307, 308, 309, 310, 316, 332, 333, 334, 335, 337, 338, 344, 371, 372, 373, 374, 375, 376, 379, 380, 392, 406, 407, 408, 409, 412, 413, 416, 428, 443, 444, 445, 446, 447, 460, 469, 470, 472, 483, 484, 485, 486, 487, 489, 507, 508, 509, 510, 511, 513, 514, 515, 530, 531, 532, 533, 534, 535, 536, 537, 539, 541, 548, 564, 565, 566, 567, 568, 569, 570, 571, 572, 574, 575, 576, 577, 578, 580, 581, 587, 589, 591, 593, 595, 597, 605, 611, 612, 613, 621, 622, 623, 624, 625, 626, 627, 628, 629, 630], "summary": {"covered_lines": 217, "num_statements": 217, "percent_covered": 100.0, "percent_covered_display": "100", "missing_lines": 0, "excluded_lines": 0, "percent_statements_covered": 100.0, "percent_statements_covered_display": "100", "num_branches": 66, "num_partial_branches": 0, "covered_branches": 66, "missing_branches": 0, "percent_branches_covered": 100.0, "percent_branches_covered_display": "100"}, "missing_lines": [], "excluded_lines": [], "executed_branches": [[40, 41], [40, 61], [43, 44], [43, 47], [47, 48], [47, 55], [71, 72], [71, 73], [73, 74], [73, 75], [76, -64], [76, 77], [88, -82], [88, 89], [144, 145], [144, 150], [201, 202], [201, 203], [205, 206], [205, 207], [207, 208], [207, 209], [258, 259], [258, 260], [289, 290], [289, 291], [305, 306], [305, 307], [307, 308], [307, 309], [334, 335], [334, 337], [371, 372], [371, 373], [406, 407], [406, 408], [408, 409], [408, 412], [443, 444], [443, 445], [483, 484], [483, 485], [507, 508], [507, 509], [514, 515], [514, 530], [530, 531], [530, 532], [532, 533], [532, 534], [534, 535], [534, 536], [536, 537], [536, 539], [564, 565], [564, 566], [566, 567], [566, 568], [571, 572], [571, 574], [574, 575], [574, 580], [576, 574], [576, 577], [625, 626], [625, 630]], "missing_branches": [], "functions": {"_git_timeout": {"executed_lines": [39, 40, 41, 42, 43, 44, 47, 48, 53, 55, 56, 57, 61], "summary": {"covered_lines": 13, "num_statements": 13, "percent_covered": 100.0, "percent_covered_display": "100", "missing_lines": 0, "excluded_lines": 0, "percent_statements_covered": 100.0, "percent_statements_covered_display": "100", "num_branches": 6, "num_partial_branches": 0, "covered_branches": 6, "missing_branches": 0, "percent_branches_covered": 100.0, "percent_branches_covered_display": "100"}, "missing_lines": [], "excluded_lines": [], "start_line": 32, "executed_branches": [[40, 41], [40, 61], [43, 44], [43, 47], [47, 48], [47, 55]], "missing_branches": []}, "_validate_full_name": {"executed_lines": [71, 72, 73, 74, 75, 76, 77], "summary": {"covered_lines": 7, "num_statements": 7, "percent_covered": 100.0, "percent_covered_display": "100", "missing_lines": 0, "excluded_lines": 0, "percent_statements_covered": 100.0, "percent_statements_covered_display": "100", "num_branches": 6, "num_partial_branches": 0, "covered_branches": 6, "missing_branches": 0, "percent_branches_covered": 100.0, "percent_branches_covered_display": "100"}, "missing_lines": [], "excluded_lines": [], "start_line": 64, "executed_branches": [[71, 72], [71, 73], [73, 74], [73, 75], [76, -64], [76, 77]], "missing_branches": []}, "_validate_branch_name": {"executed_lines": [88, 89], "summary": {"covered_lines": 2, "num_statements": 2, "percent_covered": 100.0, "percent_covered_display": "100", "missing_lines": 0, "excluded_lines": 0, "percent_statements_covered": 100.0, "percent_statements_covered_display": "100", "num_branches": 2, "num_partial_branches": 0, "covered_branches": 2, "missing_branches": 0, "percent_branches_covered": 100.0, "percent_branches_covered_display": "100"}, "missing_lines": [], "excluded_lines": [], "start_line": 82, "executed_branches": [[88, -82], [88, 89]], "missing_branches": []}, "_redact_sensitive": {"executed_lines": [94], "summary": {"covered_lines": 1, "num_statements": 1, "percent_covered": 100.0, "percent_covered_display": "100", "missing_lines": 0, "excluded_lines": 0, "percent_statements_covered": 100.0, "percent_statements_covered_display": "100", "num_branches": 0, "num_partial_branches": 0, "covered_branches": 0, "missing_branches": 0, "percent_branches_covered": 100.0, "percent_branches_covered_display": "100"}, "missing_lines": [], "excluded_lines": [], "start_line": 92, "executed_branches": [], "missing_branches": []}, "GitHubClient.__post_init__": {"executed_lines": [141, 144, 145, 149, 150, 151], "summary": {"covered_lines": 6, "num_statements": 6, "percent_covered": 100.0, "percent_covered_display": "100", "missing_lines": 0, "excluded_lines": 0, "percent_statements_covered": 100.0, "percent_statements_covered_display": "100", "num_branches": 2, "num_partial_branches": 0, "covered_branches": 2, "missing_branches": 0, "percent_branches_covered": 100.0, "percent_branches_covered_display": "100"}, "missing_lines": [], "excluded_lines": [], "start_line": 132, "executed_branches": [[144, 145], [144, 150]], "missing_branches": []}, "GitHubClient.whoami": {"executed_lines": [164, 165], "summary": {"covered_lines": 2, "num_statements": 2, "percent_covered": 100.0, "percent_covered_display": "100", "missing_lines": 0, "excluded_lines": 0, "percent_statements_covered": 100.0, "percent_statements_covered_display": "100", "num_branches": 0, "num_partial_branches": 0, "covered_branches": 0, "missing_branches": 0, "percent_branches_covered": 100.0, "percent_branches_covered_display": "100"}, "missing_lines": [], "excluded_lines": [], "start_line": 157, "executed_branches": [], "missing_branches": []}, "GitHubClient.get_repo": {"executed_lines": [173, 174], "summary": {"covered_lines": 2, "num_statements": 2, "percent_covered": 100.0, "percent_covered_display": "100", "missing_lines": 0, "excluded_lines": 0, "percent_statements_covered": 100.0, "percent_statements_covered_display": "100", "num_branches": 0, "num_partial_branches": 0, "covered_branches": 0, "missing_branches": 0, "percent_branches_covered": 100.0, "percent_branches_covered_display": "100"}, "missing_lines": [], "excluded_lines": [], "start_line": 171, "executed_branches": [], "missing_branches": []}, "GitHubClient.clone": {"executed_lines": [199, 200, 201, 202, 203, 204, 205, 206, 207, 208, 209, 210, 211, 212], "summary": {"covered_lines": 14, "num_statements": 14, "percent_covered": 100.0, "percent_covered_display": "100", "missing_lines": 0, "excluded_lines": 0, "percent_statements_covered": 100.0, "percent_statements_covered_display": "100", "num_branches": 6, "num_partial_branches": 0, "covered_branches": 6, "missing_branches": 0, "percent_branches_covered": 100.0, "percent_branches_covered_display": "100"}, "missing_lines": [], "excluded_lines": [], "start_line": 180, "executed_branches": [[201, 202], [201, 203], [205, 206], [205, 207], [207, 208], [207, 209]], "missing_branches": []}, "GitHubClient.create_branch": {"executed_lines": [221, 222], "summary": {"covered_lines": 2, "num_statements": 2, "percent_covered": 100.0, "percent_covered_display": "100", "missing_lines": 0, "excluded_lines": 0, "percent_statements_covered": 100.0, "percent_statements_covered_display": "100", "num_branches": 0, "num_partial_branches": 0, "covered_branches": 0, "missing_branches": 0, "percent_branches_covered": 100.0, "percent_branches_covered_display": "100"}, "missing_lines": [], "excluded_lines": [], "start_line": 219, "executed_branches": [], "missing_branches": []}, "GitHubClient.switch_branch": {"executed_lines": [227, 228], "summary": {"covered_lines": 2, "num_statements": 2, "percent_covered": 100.0, "percent_covered_display": "100", "missing_lines": 0, "excluded_lines": 0, "percent_statements_covered": 100.0, "percent_statements_covered_display": "100", "num_branches": 0, "num_partial_branches": 0, "covered_branches": 0, "missing_branches": 0, "percent_branches_covered": 100.0, "percent_branches_covered_display": "100"}, "missing_lines": [], "excluded_lines": [], "start_line": 225, "executed_branches": [], "missing_branches": []}, "GitHubClient.fetch_branch": {"executed_lines": [238, 239], "summary": {"covered_lines": 2, "num_statements": 2, "percent_covered": 100.0, "percent_covered_display": "100", "missing_lines": 0, "excluded_lines": 0, "percent_statements_covered": 100.0, "percent_statements_covered_display": "100", "num_branches": 0, "num_partial_branches": 0, "covered_branches": 0, "missing_branches": 0, "percent_branches_covered": 100.0, "percent_branches_covered_display": "100"}, "missing_lines": [], "excluded_lines": [], "start_line": 231, "executed_branches": [], "missing_branches": []}, "GitHubClient.pull": {"executed_lines": [257, 258, 259, 260], "summary": {"covered_lines": 4, "num_statements": 4, "percent_covered": 100.0, "percent_covered_display": "100", "missing_lines": 0, "excluded_lines": 0, "percent_statements_covered": 100.0, "percent_statements_covered_display": "100", "num_branches": 2, "num_partial_branches": 0, "covered_branches": 2, "missing_branches": 0, "percent_branches_covered": 100.0, "percent_branches_covered_display": "100"}, "missing_lines": [], "excluded_lines": [], "start_line": 250, "executed_branches": [[258, 259], [258, 260]], "missing_branches": []}, "GitHubClient.current_branch": {"executed_lines": [265, 266], "summary": {"covered_lines": 2, "num_statements": 2, "percent_covered": 100.0, "percent_covered_display": "100", "missing_lines": 0, "excluded_lines": 0, "percent_statements_covered": 100.0, "percent_statements_covered_display": "100", "num_branches": 0, "num_partial_branches": 0, "covered_branches": 0, "missing_branches": 0, "percent_branches_covered": 100.0, "percent_branches_covered_display": "100"}, "missing_lines": [], "excluded_lines": [], "start_line": 263, "executed_branches": [], "missing_branches": []}, "GitHubClient.add_and_commit": {"executed_lines": [289, 290, 291, 292, 293, 294, 295], "summary": {"covered_lines": 7, "num_statements": 7, "percent_covered": 100.0, "percent_covered_display": "100", "missing_lines": 0, "excluded_lines": 0, "percent_statements_covered": 100.0, "percent_statements_covered_display": "100", "num_branches": 2, "num_partial_branches": 0, "covered_branches": 2, "missing_branches": 0, "percent_branches_covered": 100.0, "percent_branches_covered_display": "100"}, "missing_lines": [], "excluded_lines": [], "start_line": 273, "executed_branches": [[289, 290], [289, 291]], "missing_branches": []}, "GitHubClient.set_local_identity": {"executed_lines": [305, 306, 307, 308, 309, 310], "summary": {"covered_lines": 6, "num_statements": 6, "percent_covered": 100.0, "percent_covered_display": "100", "missing_lines": 0, "excluded_lines": 0, "percent_statements_covered": 100.0, "percent_statements_covered_display": "100", "num_branches": 4, "num_partial_branches": 0, "covered_branches": 4, "missing_branches": 0, "percent_branches_covered": 100.0, "percent_branches_covered_display": "100"}, "missing_lines": [], "excluded_lines": [], "start_line": 298, "executed_branches": [[305, 306], [305, 307], [307, 308], [307, 309]], "missing_branches": []}, "GitHubClient.push": {"executed_lines": [332, 333, 334, 335, 337, 338], "summary": {"covered_lines": 6, "num_statements": 6, "percent_covered": 100.0, "percent_covered_display": "100", "missing_lines": 0, "excluded_lines": 0, "percent_statements_covered": 100.0, "percent_statements_covered_display": "100", "num_branches": 2, "num_partial_branches": 0, "covered_branches": 2, "missing_branches": 0, "percent_branches_covered": 100.0, "percent_branches_covered_display": "100"}, "missing_lines": [], "excluded_lines": [], "start_line": 316, "executed_branches": [[334, 335], [334, 337]], "missing_branches": []}, "GitHubClient.create_pr": {"executed_lines": [371, 372, 373, 374, 375, 376, 379, 380], "summary": {"covered_lines": 8, "num_statements": 8, "percent_covered": 100.0, "percent_covered_display": "100", "missing_lines": 0, "excluded_lines": 0, "percent_statements_covered": 100.0, "percent_statements_covered_display": "100", "num_branches": 2, "num_partial_branches": 0, "covered_branches": 2, "missing_branches": 0, "percent_branches_covered": 100.0, "percent_branches_covered_display": "100"}, "missing_lines": [], "excluded_lines": [], "start_line": 344, "executed_branches": [[371, 372], [371, 373]], "missing_branches": []}, "GitHubClient.list_prs": {"executed_lines": [406, 407, 408, 409, 412, 413, 416], "summary": {"covered_lines": 7, "num_statements": 7, "percent_covered": 100.0, "percent_covered_display": "100", "missing_lines": 0, "excluded_lines": 0, "percent_statements_covered": 100.0, "percent_statements_covered_display": "100", "num_branches": 4, "num_partial_branches": 0, "covered_branches": 4, "missing_branches": 0, "percent_branches_covered": 100.0, "percent_branches_covered_display": "100"}, "missing_lines": [], "excluded_lines": [], "start_line": 392, "executed_branches": [[406, 407], [406, 408], [408, 409], [408, 412]], "missing_branches": []}, "GitHubClient.get_pr": {"executed_lines": [443, 444, 445, 446, 447], "summary": {"covered_lines": 5, "num_statements": 5, "percent_covered": 100.0, "percent_covered_display": "100", "missing_lines": 0, "excluded_lines": 0, "percent_statements_covered": 100.0, "percent_statements_covered_display": "100", "num_branches": 2, "num_partial_branches": 0, "covered_branches": 2, "missing_branches": 0, "percent_branches_covered": 100.0, "percent_branches_covered_display": "100"}, "missing_lines": [], "excluded_lines": [], "start_line": 428, "executed_branches": [[443, 444], [443, 445]], "missing_branches": []}, "GitHubClient.default_branch": {"executed_lines": [469, 470], "summary": {"covered_lines": 2, "num_statements": 2, "percent_covered": 100.0, "percent_covered_display": "100", "missing_lines": 0, "excluded_lines": 0, "percent_statements_covered": 100.0, "percent_statements_covered_display": "100", "num_branches": 0, "num_partial_branches": 0, "covered_branches": 0, "missing_branches": 0, "percent_branches_covered": 100.0, "percent_branches_covered_display": "100"}, "missing_lines": [], "excluded_lines": [], "start_line": 460, "executed_branches": [], "missing_branches": []}, "GitHubClient.update_pr_body": {"executed_lines": [483, 484, 485, 486, 487], "summary": {"covered_lines": 5, "num_statements": 5, "percent_covered": 100.0, "percent_covered_display": "100", "missing_lines": 0, "excluded_lines": 0, "percent_statements_covered": 100.0, "percent_statements_covered_display": "100", "num_branches": 2, "num_partial_branches": 0, "covered_branches": 2, "missing_branches": 0, "percent_branches_covered": 100.0, "percent_branches_covered_display": "100"}, "missing_lines": [], "excluded_lines": [], "start_line": 472, "executed_branches": [[483, 484], [483, 485]], "missing_branches": []}, "GitHubClient.get_check_runs": {"executed_lines": [507, 508, 509, 510, 511, 513, 514, 515, 530, 531, 532, 533, 534, 535, 536, 537, 539, 541], "summary": {"covered_lines": 18, "num_statements": 18, "percent_covered": 100.0, "percent_covered_display": "100", "missing_lines": 0, "excluded_lines": 0, "percent_statements_covered": 100.0, "percent_statements_covered_display": "100", "num_branches": 12, "num_partial_branches": 0, "covered_branches": 12, "missing_branches": 0, "percent_branches_covered": 100.0, "percent_branches_covered_display": "100"}, "missing_lines": [], "excluded_lines": [], "start_line": 489, "executed_branches": [[507, 508], [507, 509], [514, 515], [514, 530], [530, 531], [530, 532], [532, 533], [532, 534], [534, 535], [534, 536], [536, 537], [536, 539]], "missing_branches": []}, "GitHubClient.upsert_pr_comment": {"executed_lines": [564, 565, 566, 567, 568, 569, 570, 571, 572, 574, 575, 576, 577, 578, 580, 581], "summary": {"covered_lines": 16, "num_statements": 16, "percent_covered": 100.0, "percent_covered_display": "100", "missing_lines": 0, "excluded_lines": 0, "percent_statements_covered": 100.0, "percent_statements_covered_display": "100", "num_branches": 10, "num_partial_branches": 0, "covered_branches": 10, "missing_branches": 0, "percent_branches_covered": 100.0, "percent_branches_covered_display": "100"}, "missing_lines": [], "excluded_lines": [], "start_line": 548, "executed_branches": [[564, 565], [564, 566], [566, 567], [566, 568], [571, 572], [571, 574], [574, 575], [574, 580], [576, 574], [576, 577]], "missing_branches": []}, "GitHubClient.close": {"executed_lines": [589], "summary": {"covered_lines": 1, "num_statements": 1, "percent_covered": 100.0, "percent_covered_display": "100", "missing_lines": 0, "excluded_lines": 0, "percent_statements_covered": 100.0, "percent_statements_covered_display": "100", "num_branches": 0, "num_partial_branches": 0, "covered_branches": 0, "missing_branches": 0, "percent_branches_covered": 100.0, "percent_branches_covered_display": "100"}, "missing_lines": [], "excluded_lines": [], "start_line": 587, "executed_branches": [], "missing_branches": []}, "GitHubClient.__enter__": {"executed_lines": [593], "summary": {"covered_lines": 1, "num_statements": 1, "percent_covered": 100.0, "percent_covered_display": "100", "missing_lines": 0, "excluded_lines": 0, "percent_statements_covered": 100.0, "percent_statements_covered_display": "100", "num_branches": 0, "num_partial_branches": 0, "covered_branches": 0, "missing_branches": 0, "percent_branches_covered": 100.0, "percent_branches_covered_display": "100"}, "missing_lines": [], "excluded_lines": [], "start_line": 591, "executed_branches": [], "missing_branches": []}, "GitHubClient.__exit__": {"executed_lines": [597], "summary": {"covered_lines": 1, "num_statements": 1, "percent_covered": 100.0, "percent_covered_display": "100", "missing_lines": 0, "excluded_lines": 0, "percent_statements_covered": 100.0, "percent_statements_covered_display": "100", "num_branches": 0, "num_partial_branches": 0, "covered_branches": 0, "missing_branches": 0, "percent_branches_covered": 100.0, "percent_branches_covered_display": "100"}, "missing_lines": [], "excluded_lines": [], "start_line": 595, "executed_branches": [], "missing_branches": []}, "_run_git": {"executed_lines": [611, 612, 613, 621, 622, 623, 624, 625, 626, 627, 628, 629, 630], "summary": {"covered_lines": 13, "num_statements": 13, "percent_covered": 100.0, "percent_covered_display": "100", "missing_lines": 0, "excluded_lines": 0, "percent_statements_covered": 100.0, "percent_statements_covered_display": "100", "num_branches": 2, "num_partial_branches": 0, "covered_branches": 2, "missing_branches": 0, "percent_branches_covered": 100.0, "percent_branches_covered_display": "100"}, "missing_lines": [], "excluded_lines": [], "start_line": 605, "executed_branches": [[625, 626], [625, 630]], "missing_branches": []}, "": {"executed_lines": [7, 9, 10, 11, 12, 13, 14, 15, 17, 18, 19, 21, 23, 25, 27, 28, 29, 32, 64, 82, 92, 101, 102, 113, 114, 115, 116, 117, 120, 121, 129, 130, 132, 157, 171, 180, 218, 219, 224, 225, 230, 231, 249, 250, 262, 263, 272, 273, 297, 298, 316, 344, 392, 428, 460, 472, 489, 548, 587, 591, 595, 605], "summary": {"covered_lines": 62, "num_statements": 62, "percent_covered": 100.0, "percent_covered_display": "100", "missing_lines": 0, "excluded_lines": 0, "percent_statements_covered": 100.0, "percent_statements_covered_display": "100", "num_branches": 0, "num_partial_branches": 0, "covered_branches": 0, "missing_branches": 0, "percent_branches_covered": 100.0, "percent_branches_covered_display": "100"}, "missing_lines": [], "excluded_lines": [], "start_line": 1, "executed_branches": [], "missing_branches": []}}, "classes": {"PRResult": {"executed_lines": [], "summary": {"covered_lines": 0, "num_statements": 0, "percent_covered": 100.0, "percent_covered_display": "100", "missing_lines": 0, "excluded_lines": 0, "percent_statements_covered": 100.0, "percent_statements_covered_display": "100", "num_branches": 0, "num_partial_branches": 0, "covered_branches": 0, "missing_branches": 0, "percent_branches_covered": 100.0, "percent_branches_covered_display": "100"}, "missing_lines": [], "excluded_lines": [], "start_line": 102, "executed_branches": [], "missing_branches": []}, "GitHubClient": {"executed_lines": [141, 144, 145, 149, 150, 151, 164, 165, 173, 174, 199, 200, 201, 202, 203, 204, 205, 206, 207, 208, 209, 210, 211, 212, 221, 222, 227, 228, 238, 239, 257, 258, 259, 260, 265, 266, 289, 290, 291, 292, 293, 294, 295, 305, 306, 307, 308, 309, 310, 332, 333, 334, 335, 337, 338, 371, 372, 373, 374, 375, 376, 379, 380, 406, 407, 408, 409, 412, 413, 416, 443, 444, 445, 446, 447, 469, 470, 483, 484, 485, 486, 487, 507, 508, 509, 510, 511, 513, 514, 515, 530, 531, 532, 533, 534, 535, 536, 537, 539, 541, 564, 565, 566, 567, 568, 569, 570, 571, 572, 574, 575, 576, 577, 578, 580, 581, 589, 593, 597], "summary": {"covered_lines": 119, "num_statements": 119, "percent_covered": 100.0, "percent_covered_display": "100", "missing_lines": 0, "excluded_lines": 0, "percent_statements_covered": 100.0, "percent_statements_covered_display": "100", "num_branches": 50, "num_partial_branches": 0, "covered_branches": 50, "missing_branches": 0, "percent_branches_covered": 100.0, "percent_branches_covered_display": "100"}, "missing_lines": [], "excluded_lines": [], "start_line": 121, "executed_branches": [[144, 145], [144, 150], [201, 202], [201, 203], [205, 206], [205, 207], [207, 208], [207, 209], [258, 259], [258, 260], [289, 290], [289, 291], [305, 306], [305, 307], [307, 308], [307, 309], [334, 335], [334, 337], [371, 372], [371, 373], [406, 407], [406, 408], [408, 409], [408, 412], [443, 444], [443, 445], [483, 484], [483, 485], [507, 508], [507, 509], [514, 515], [514, 530], [530, 531], [530, 532], [532, 533], [532, 534], [534, 535], [534, 536], [536, 537], [536, 539], [564, 565], [564, 566], [566, 567], [566, 568], [571, 572], [571, 574], [574, 575], [574, 580], [576, 574], [576, 577]], "missing_branches": []}, "": {"executed_lines": [7, 9, 10, 11, 12, 13, 14, 15, 17, 18, 19, 21, 23, 25, 27, 28, 29, 32, 39, 40, 41, 42, 43, 44, 47, 48, 53, 55, 56, 57, 61, 64, 71, 72, 73, 74, 75, 76, 77, 82, 88, 89, 92, 94, 101, 102, 113, 114, 115, 116, 117, 120, 121, 129, 130, 132, 157, 171, 180, 218, 219, 224, 225, 230, 231, 249, 250, 262, 263, 272, 273, 297, 298, 316, 344, 392, 428, 460, 472, 489, 548, 587, 591, 595, 605, 611, 612, 613, 621, 622, 623, 624, 625, 626, 627, 628, 629, 630], "summary": {"covered_lines": 98, "num_statements": 98, "percent_covered": 100.0, "percent_covered_display": "100", "missing_lines": 0, "excluded_lines": 0, "percent_statements_covered": 100.0, "percent_statements_covered_display": "100", "num_branches": 16, "num_partial_branches": 0, "covered_branches": 16, "missing_branches": 0, "percent_branches_covered": 100.0, "percent_branches_covered_display": "100"}, "missing_lines": [], "excluded_lines": [], "start_line": 1, "executed_branches": [[40, 41], [40, 61], [43, 44], [43, 47], [47, 48], [47, 55], [71, 72], [71, 73], [73, 74], [73, 75], [76, -64], [76, 77], [88, -82], [88, 89], [625, 626], [625, 630]], "missing_branches": []}}}, "src/helping_hands/lib/github_url.py": {"executed_lines": [8, 10, 11, 13, 22, 23, 25, 26, 29, 38, 39, 40, 41, 42, 45, 61, 62, 65, 66, 70, 73, 82, 89, 99, 100, 101, 102], "summary": {"covered_lines": 27, "num_statements": 27, "percent_covered": 100.0, "percent_covered_display": "100", "missing_lines": 0, "excluded_lines": 0, "percent_statements_covered": 100.0, "percent_statements_covered_display": "100", "num_branches": 6, "num_partial_branches": 0, "covered_branches": 6, "missing_branches": 0, "percent_branches_covered": 100.0, "percent_branches_covered_display": "100"}, "missing_lines": [], "excluded_lines": [], "executed_branches": [[38, 39], [38, 40], [41, -29], [41, 42], [65, 66], [65, 70]], "missing_branches": [], "functions": {"validate_repo_spec": {"executed_lines": [38, 39, 40, 41, 42], "summary": {"covered_lines": 5, "num_statements": 5, "percent_covered": 100.0, "percent_covered_display": "100", "missing_lines": 0, "excluded_lines": 0, "percent_statements_covered": 100.0, "percent_statements_covered_display": "100", "num_branches": 4, "num_partial_branches": 0, "covered_branches": 4, "missing_branches": 0, "percent_branches_covered": 100.0, "percent_branches_covered_display": "100"}, "missing_lines": [], "excluded_lines": [], "start_line": 29, "executed_branches": [[38, 39], [38, 40], [41, -29], [41, 42]], "missing_branches": []}, "build_clone_url": {"executed_lines": [61, 62, 65, 66, 70], "summary": {"covered_lines": 5, "num_statements": 5, "percent_covered": 100.0, "percent_covered_display": "100", "missing_lines": 0, "excluded_lines": 0, "percent_statements_covered": 100.0, "percent_statements_covered_display": "100", "num_branches": 2, "num_partial_branches": 0, "covered_branches": 2, "missing_branches": 0, "percent_branches_covered": 100.0, "percent_branches_covered_display": "100"}, "missing_lines": [], "excluded_lines": [], "start_line": 45, "executed_branches": [[65, 66], [65, 70]], "missing_branches": []}, "redact_credentials": {"executed_lines": [82], "summary": {"covered_lines": 1, "num_statements": 1, "percent_covered": 100.0, "percent_covered_display": "100", "missing_lines": 0, "excluded_lines": 0, "percent_statements_covered": 100.0, "percent_statements_covered_display": "100", "num_branches": 0, "num_partial_branches": 0, "covered_branches": 0, "missing_branches": 0, "percent_branches_covered": 100.0, "percent_branches_covered_display": "100"}, "missing_lines": [], "excluded_lines": [], "start_line": 73, "executed_branches": [], "missing_branches": []}, "noninteractive_env": {"executed_lines": [99, 100, 101, 102], "summary": {"covered_lines": 4, "num_statements": 4, "percent_covered": 100.0, "percent_covered_display": "100", "missing_lines": 0, "excluded_lines": 0, "percent_statements_covered": 100.0, "percent_statements_covered_display": "100", "num_branches": 0, "num_partial_branches": 0, "covered_branches": 0, "missing_branches": 0, "percent_branches_covered": 100.0, "percent_branches_covered_display": "100"}, "missing_lines": [], "excluded_lines": [], "start_line": 89, "executed_branches": [], "missing_branches": []}, "": {"executed_lines": [8, 10, 11, 13, 22, 23, 25, 26, 29, 45, 73, 89], "summary": {"covered_lines": 12, "num_statements": 12, "percent_covered": 100.0, "percent_covered_display": "100", "missing_lines": 0, "excluded_lines": 0, "percent_statements_covered": 100.0, "percent_statements_covered_display": "100", "num_branches": 0, "num_partial_branches": 0, "covered_branches": 0, "missing_branches": 0, "percent_branches_covered": 100.0, "percent_branches_covered_display": "100"}, "missing_lines": [], "excluded_lines": [], "start_line": 1, "executed_branches": [], "missing_branches": []}}, "classes": {"": {"executed_lines": [8, 10, 11, 13, 22, 23, 25, 26, 29, 38, 39, 40, 41, 42, 45, 61, 62, 65, 66, 70, 73, 82, 89, 99, 100, 101, 102], "summary": {"covered_lines": 27, "num_statements": 27, "percent_covered": 100.0, "percent_covered_display": "100", "missing_lines": 0, "excluded_lines": 0, "percent_statements_covered": 100.0, "percent_statements_covered_display": "100", "num_branches": 6, "num_partial_branches": 0, "covered_branches": 6, "missing_branches": 0, "percent_branches_covered": 100.0, "percent_branches_covered_display": "100"}, "missing_lines": [], "excluded_lines": [], "start_line": 1, "executed_branches": [[38, 39], [38, 40], [41, -29], [41, 42], [65, 66], [65, 70]], "missing_branches": []}}}, "src/helping_hands/lib/hands/__init__.py": {"executed_lines": [3], "summary": {"covered_lines": 1, "num_statements": 1, "percent_covered": 100.0, "percent_covered_display": "100", "missing_lines": 0, "excluded_lines": 0, "percent_statements_covered": 100.0, "percent_statements_covered_display": "100", "num_branches": 0, "num_partial_branches": 0, "covered_branches": 0, "missing_branches": 0, "percent_branches_covered": 100.0, "percent_branches_covered_display": "100"}, "missing_lines": [], "excluded_lines": [], "executed_branches": [], "missing_branches": [], "functions": {"": {"executed_lines": [3], "summary": {"covered_lines": 1, "num_statements": 1, "percent_covered": 100.0, "percent_covered_display": "100", "missing_lines": 0, "excluded_lines": 0, "percent_statements_covered": 100.0, "percent_statements_covered_display": "100", "num_branches": 0, "num_partial_branches": 0, "covered_branches": 0, "missing_branches": 0, "percent_branches_covered": 100.0, "percent_branches_covered_display": "100"}, "missing_lines": [], "excluded_lines": [], "start_line": 1, "executed_branches": [], "missing_branches": []}}, "classes": {"": {"executed_lines": [3], "summary": {"covered_lines": 1, "num_statements": 1, "percent_covered": 100.0, "percent_covered_display": "100", "missing_lines": 0, "excluded_lines": 0, "percent_statements_covered": 100.0, "percent_statements_covered_display": "100", "num_branches": 0, "num_partial_branches": 0, "covered_branches": 0, "missing_branches": 0, "percent_branches_covered": 100.0, "percent_branches_covered_display": "100"}, "missing_lines": [], "excluded_lines": [], "start_line": 1, "executed_branches": [], "missing_branches": []}}}, "src/helping_hands/lib/hands/v1/__init__.py": {"executed_lines": [8, 21], "summary": {"covered_lines": 2, "num_statements": 2, "percent_covered": 100.0, "percent_covered_display": "100", "missing_lines": 0, "excluded_lines": 0, "percent_statements_covered": 100.0, "percent_statements_covered_display": "100", "num_branches": 0, "num_partial_branches": 0, "covered_branches": 0,
[...]
 4, "num_partial_branches": 0, "covered_branches": 0, "missing_branches": 4, "percent_branches_covered": 0.0, "percent_branches_covered_display": "0"}, "missing_lines": [264, 266, 267, 269, 270, 271, 272], "excluded_lines": [], "start_line": 254, "executed_branches": [], "missing_branches": [[266, 267], [266, 269], [269, 270], [269, 271]]}, "generate_schedule_id": {"executed_lines": [], "summary": {"covered_lines": 0, "num_statements": 1, "percent_covered": 0.0, "percent_covered_display": "0", "missing_lines": 1, "excluded_lines": 0, "percent_statements_covered": 0.0, "percent_statements_covered_display": "0", "num_branches": 0, "num_partial_branches": 0, "covered_branches": 0, "missing_branches": 0, "percent_branches_covered": 100.0, "percent_branches_covered_display": "100"}, "missing_lines": [277], "excluded_lines": [], "start_line": 275, "executed_branches": [], "missing_branches": []}, "ScheduleManager.__init__": {"executed_lines": [], "summary": {"covered_lines": 0, "num_statements": 3, "percent_covered": 0.0, "percent_covered_display": "0", "missing_lines": 3, "excluded_lines": 0, "percent_statements_covered": 0.0, "percent_statements_covered_display": "0", "num_branches": 0, "num_partial_branches": 0, "covered_branches": 0, "missing_branches": 0, "percent_branches_covered": 100.0, "percent_branches_covered_display": "100"}, "missing_lines": [289, 290, 291], "excluded_lines": [], "start_line": 283, "executed_branches": [], "missing_branches": []}, "ScheduleManager._get_redis_client": {"executed_lines": [], "summary": {"covered_lines": 0, "num_statements": 3, "percent_covered": 0.0, "percent_covered_display": "0", "missing_lines": 3, "excluded_lines": 0, "percent_statements_covered": 0.0, "percent_statements_covered_display": "0", "num_branches": 0, "num_partial_branches": 0, "covered_branches": 0, "missing_branches": 0, "percent_branches_covered": 100.0, "percent_branches_covered_display": "100"}, "missing_lines": [296, 297, 299], "excluded_lines": [], "start_line": 293, "executed_branches": [], "missing_branches": []}, "ScheduleManager._meta_key": {"executed_lines": [], "summary": {"covered_lines": 0, "num_statements": 1, "percent_covered": 0.0, "percent_covered_display": "0", "missing_lines": 1, "excluded_lines": 0, "percent_statements_covered": 0.0, "percent_statements_covered_display": "0", "num_branches": 0, "num_partial_branches": 0, "covered_branches": 0, "missing_branches": 0, "percent_branches_covered": 100.0, "percent_branches_covered_display": "100"}, "missing_lines": [303], "excluded_lines": [], "start_line": 301, "executed_branches": [], "missing_branches": []}, "ScheduleManager._save_meta": {"executed_lines": [], "summary": {"covered_lines": 0, "num_statements": 6, "percent_covered": 0.0, "percent_covered_display": "0", "missing_lines": 6, "excluded_lines": 0, "percent_statements_covered": 0.0, "percent_statements_covered_display": "0", "num_branches": 0, "num_partial_branches": 0, "covered_branches": 0, "missing_branches": 0, "percent_branches_covered": 100.0, "percent_branches_covered_display": "100"}, "missing_lines": [311, 312, 316, 317, 322, 323], "excluded_lines": [], "start_line": 305, "executed_branches": [], "missing_branches": []}, "ScheduleManager._load_meta": {"executed_lines": [], "summary": {"covered_lines": 0, "num_statements": 8, "percent_covered": 0.0, "percent_covered_display": "0", "missing_lines": 8, "excluded_lines": 0, "percent_statements_covered": 0.0, "percent_statements_covered_display": "0", "num_branches": 2, "num_partial_branches": 0, "covered_branches": 0, "missing_branches": 2, "percent_branches_covered": 0.0, "percent_branches_covered_display": "0"}, "missing_lines": [331, 332, 333, 334, 335, 336, 337, 342], "excluded_lines": [], "start_line": 325, "executed_branches": [], "missing_branches": [[332, 333], [332, 334]]}, "ScheduleManager._delete_meta": {"executed_lines": [], "summary": {"covered_lines": 0, "num_statements": 4, "percent_covered": 0.0, "percent_covered_display": "0", "missing_lines": 4, "excluded_lines": 0, "percent_statements_covered": 0.0, "percent_statements_covered_display": "0", "num_branches": 0, "num_partial_branches": 0, "covered_branches": 0, "missing_branches": 0, "percent_branches_covered": 100.0, "percent_branches_covered_display": "100"}, "missing_lines": [350, 351, 352, 353], "excluded_lines": [], "start_line": 344, "executed_branches": [], "missing_branches": []}, "ScheduleManager._list_meta_keys": {"executed_lines": [], "summary": {"covered_lines": 0, "num_statements": 7, "percent_covered": 0.0, "percent_covered_display": "0", "missing_lines": 7, "excluded_lines": 0, "percent_statements_covered": 0.0, "percent_statements_covered_display": "0", "num_branches": 0, "num_partial_branches": 0, "covered_branches": 0, "missing_branches": 0, "percent_branches_covered": 100.0, "percent_branches_covered_display": "100"}, "missing_lines": [364, 365, 366, 367, 368, 369, 370], "excluded_lines": [], "start_line": 359, "executed_branches": [], "missing_branches": []}, "ScheduleManager.create_schedule": {"executed_lines": [], "summary": {"covered_lines": 0, "num_statements": 11, "percent_covered": 0.0, "percent_covered_display": "0", "missing_lines": 11, "excluded_lines": 0, "percent_statements_covered": 0.0, "percent_statements_covered_display": "0", "num_branches": 6, "num_partial_branches": 0, "covered_branches": 0, "missing_branches": 6, "percent_branches_covered": 0.0, "percent_branches_covered_display": "0"}, "missing_lines": [385, 388, 389, 392, 393, 394, 395, 398, 399, 402, 404], "excluded_lines": [], "start_line": 372, "executed_branches": [], "missing_branches": [[388, 389], [388, 392], [393, 394], [393, 398], [398, 399], [398, 402]]}, "ScheduleManager._create_redbeat_entry": {"executed_lines": [], "summary": {"covered_lines": 0, "num_statements": 11, "percent_covered": 0.0, "percent_covered_display": "0", "missing_lines": 11, "excluded_lines": 0, "percent_statements_covered": 0.0, "percent_statements_covered_display": "0", "num_branches": 4, "num_partial_branches": 0, "covered_branches": 0, "missing_branches": 4, "percent_branches_covered": 0.0, "percent_branches_covered_display": "0"}, "missing_lines": [408, 411, 412, 413, 414, 416, 418, 426, 427, 428, 435], "excluded_lines": [], "start_line": 406, "executed_branches": [], "missing_branches": [[412, 413], [412, 416], [426, 427], [426, 428]]}, "ScheduleManager._delete_redbeat_entry": {"executed_lines": [], "summary": {"covered_lines": 0, "num_statements": 8, "percent_covered": 0.0, "percent_covered_display": "0", "missing_lines": 8, "excluded_lines": 0, "percent_statements_covered": 0.0, "percent_statements_covered_display": "0", "num_branches": 2, "num_partial_branches": 0, "covered_branches": 0, "missing_branches": 2, "percent_branches_covered": 0.0, "percent_branches_covered_display": "0"}, "missing_lines": [439, 440, 441, 442, 445, 448, 449, 450], "excluded_lines": [], "start_line": 437, "executed_branches": [], "missing_branches": [[441, 442], [441, 445]]}, "ScheduleManager.get_schedule": {"executed_lines": [], "summary": {"covered_lines": 0, "num_statements": 1, "percent_covered": 0.0, "percent_covered_display": "0", "missing_lines": 1, "excluded_lines": 0, "percent_statements_covered": 0.0, "percent_statements_covered_display": "0", "num_branches": 0, "num_partial_branches": 0, "covered_branches": 0, "missing_branches": 0, "percent_branches_covered": 100.0, "percent_branches_covered_display": "100"}, "missing_lines": [461], "excluded_lines": [], "start_line": 452, "executed_branches": [], "missing_branches": []}, "ScheduleManager.list_schedules": {"executed_lines": [], "summary": {"covered_lines": 0, "num_statements": 7, "percent_covered": 0.0, "percent_covered_display": "0", "missing_lines": 7, "excluded_lines": 0, "percent_statements_covered": 0.0, "percent_statements_covered_display": "0", "num_branches": 4, "num_partial_branches": 0, "covered_branches": 0, "missing_branches": 4, "percent_branches_covered": 0.0, "percent_branches_covered_display": "0"}, "missing_lines": [469, 470, 471, 472, 473, 474, 475], "excluded_lines": [], "start_line": 463, "executed_branches": [], "missing_branches": [[470, 471], [470, 475], [473, 470], [473, 474]]}, "ScheduleManager.update_schedule": {"executed_lines": [], "summary": {"covered_lines": 0, "num_statements": 14, "percent_covered": 0.0, "percent_covered_display": "0", "missing_lines": 14, "excluded_lines": 0, "percent_statements_covered": 0.0, "percent_statements_covered_display": "0", "num_branches": 4, "num_partial_branches": 0, "covered_branches": 0, "missing_branches": 4, "percent_branches_covered": 0.0, "percent_branches_covered_display": "0"}, "missing_lines": [489, 490, 491, 492, 495, 498, 499, 500, 501, 504, 505, 506, 509, 511], "excluded_lines": [], "start_line": 477, "executed_branches": [], "missing_branches": [[490, 491], [490, 495], [505, 506], [505, 509]]}, "ScheduleManager.delete_schedule": {"executed_lines": [], "summary": {"covered_lines": 0, "num_statements": 6, "percent_covered": 0.0, "percent_covered_display": "0", "missing_lines": 6, "excluded_lines": 0, "percent_statements_covered": 0.0, "percent_statements_covered_display": "0", "num_branches": 2, "num_partial_branches": 0, "covered_branches": 0, "missing_branches": 2, "percent_branches_covered": 0.0, "percent_branches_covered_display": "0"}, "missing_lines": [522, 523, 524, 526, 527, 528], "excluded_lines": [], "start_line": 513, "executed_branches": [], "missing_branches": [[523, 524], [523, 526]]}, "ScheduleManager.enable_schedule": {"executed_lines": [], "summary": {"covered_lines": 0, "num_statements": 8, "percent_covered": 0.0, "percent_covered_display": "0", "missing_lines": 8, "excluded_lines": 0, "percent_statements_covered": 0.0, "percent_statements_covered_display": "0", "num_branches": 4, "num_partial_branches": 0, "covered_branches": 0, "missing_branches": 4, "percent_branches_covered": 0.0, "percent_branches_covered_display": "0"}, "missing_lines": [539, 540, 541, 543, 544, 545, 546, 548], "excluded_lines": [], "start_line": 530, "executed_branches": [], "missing_branches": [[540, 541], [540, 543], [543, 544], [543, 548]]}, "ScheduleManager.disable_schedule": {"executed_lines": [], "summary": {"covered_lines": 0, "num_statements": 8, "percent_covered": 0.0, "percent_covered_display": "0", "missing_lines": 8, "excluded_lines": 0, "percent_statements_covered": 0.0, "percent_statements_covered_display": "0", "num_branches": 4, "num_partial_branches": 0, "covered_branches": 0, "missing_branches": 4, "percent_branches_covered": 0.0, "percent_branches_covered_display": "0"}, "missing_lines": [559, 560, 561, 563, 564, 565, 566, 568], "excluded_lines": [], "start_line": 550, "executed_branches": [], "missing_branches": [[560, 561], [560, 563], [563, 564], [563, 568]]}, "ScheduleManager.record_run": {"executed_lines": [], "summary": {"covered_lines": 0, "num_statements": 7, "percent_covered": 0.0, "percent_covered_display": "0", "missing_lines": 7, "excluded_lines": 0, "percent_statements_covered": 0.0, "percent_statements_covered_display": "0", "num_branches": 2, "num_partial_branches": 0, "covered_branches": 0, "missing_branches": 2, "percent_branches_covered": 0.0, "percent_branches_covered_display": "0"}, "missing_lines": [577, 578, 579, 581, 582, 583, 584], "excluded_lines": [], "start_line": 570, "executed_branches": [], "missing_branches": [[578, 579], [578, 581]]}, "ScheduleManager.trigger_now": {"executed_lines": [], "summary": {"covered_lines": 0, "num_statements": 7, "percent_covered": 0.0, "percent_covered_display": "0", "missing_lines": 7, "excluded_lines": 0, "percent_statements_covered": 0.0, "percent_statements_covered_display": "0", "num_branches": 2, "num_partial_branches": 0, "covered_branches": 0, "missing_branches": 2, "percent_branches_covered": 0.0, "percent_branches_covered_display": "0"}, "missing_lines": [595, 596, 597, 600, 602, 621, 622], "excluded_lines": [], "start_line": 586, "executed_branches": [], "missing_branches": [[596, 597], [596, 600]]}, "get_schedule_manager": {"executed_lines": [], "summary": {"covered_lines": 0, "num_statements": 1, "percent_covered": 0.0, "percent_covered_display": "0", "missing_lines": 1, "excluded_lines": 0, "percent_statements_covered": 0.0, "percent_statements_covered_display": "0", "num_branches": 0, "num_partial_branches": 0, "covered_branches": 0, "missing_branches": 0, "percent_branches_covered": 100.0, "percent_branches_covered_display": "100"}, "missing_lines": [634], "excluded_lines": [], "start_line": 625, "executed_branches": [], "missing_branches": []}, "": {"executed_lines": [7, 9, 10, 11, 12, 13, 14, 16], "summary": {"covered_lines": 8, "num_statements": 83, "percent_covered": 9.63855421686747, "percent_covered_display": "10", "missing_lines": 75, "excluded_lines": 0, "percent_statements_covered": 9.63855421686747, "percent_statements_covered_display": "10", "num_branches": 0, "num_partial_branches": 0, "covered_branches": 0, "missing_branches": 0, "percent_branches_covered": 100.0, "percent_branches_covered_display": "100"}, "missing_lines": [18, 20, 31, 32, 33, 34, 35, 36, 37, 38, 39, 41, 42, 43, 44, 47, 57, 67, 68, 98, 99, 100, 101, 102, 103, 104, 105, 106, 107, 108, 109, 110, 111, 112, 113, 114, 115, 116, 117, 118, 119, 120, 121, 123, 127, 156, 164, 165, 204, 218, 220, 221, 224, 254, 275, 280, 283, 293, 301, 305, 325, 344, 359, 372, 406, 437, 452, 463, 477, 513, 530, 550, 570, 586, 625], "excluded_lines": [], "start_line": 1, "executed_branches": [], "missing_branches": []}}, "classes": {"ScheduledTask": {"executed_lines": [], "summary": {"covered_lines": 0, "num_statements": 8, "percent_covered": 0.0, "percent_covered_display": "0", "missing_lines": 8, "excluded_lines": 0, "percent_statements_covered": 0.0, "percent_statements_covered_display": "0", "num_branches": 4, "num_partial_branches": 0, "covered_branches": 0, "missing_branches": 4, "percent_branches_covered": 0.0, "percent_branches_covered_display": "0"}, "missing_lines": [124, 125, 129, 171, 172, 173, 174, 175], "excluded_lines": [], "start_line": 68, "executed_branches": [], "missing_branches": [[124, -123], [124, 125], [172, 173], [172, 175]]}, "ScheduleManager": {"executed_lines": [], "summary": {"covered_lines": 0, "num_statements": 120, "percent_covered": 0.0, "percent_covered_display": "0", "missing_lines": 120, "excluded_lines": 0, "percent_statements_covered": 0.0, "percent_statements_covered_display": "0", "num_branches": 36, "num_partial_branches": 0, "covered_branches": 0, "missing_branches": 36, "percent_branches_covered": 0.0, "percent_branches_covered_display": "0"}, "missing_lines": [289, 290, 291, 296, 297, 299, 303, 311, 312, 316, 317, 322, 323, 331, 332, 333, 334, 335, 336, 337, 342, 350, 351, 352, 353, 364, 365, 366, 367, 368, 369, 370, 385, 388, 389, 392, 393, 394, 395, 398, 399, 402, 404, 408, 411, 412, 413, 414, 416, 418, 426, 427, 428, 435, 439, 440, 441, 442, 445, 448, 449, 450, 461, 469, 470, 471, 472, 473, 474, 475, 489, 490, 491, 492, 495, 498, 499, 500, 501, 504, 505, 506, 509, 511, 522, 523, 524, 526, 527, 528, 539, 540, 541, 543, 544, 545, 546, 548, 559, 560, 561, 563, 564, 565, 566, 568, 577, 578, 579, 581, 582, 583, 584, 595, 596, 597, 600, 602, 621, 622], "excluded_lines": [], "start_line": 280, "executed_branches": [], "missing_branches": [[332, 333], [332, 334], [388, 389], [388, 392], [393, 394], [393, 398], [398, 399], [398, 402], [412, 413], [412, 416], [426, 427], [426, 428], [441, 442], [441, 445], [470, 471], [470, 475], [473, 470], [473, 474], [490, 491], [490, 495], [505, 506], [505, 509], [523, 524], [523, 526], [540, 541], [540, 543], [543, 544], [543, 548], [560, 561], [560, 563], [563, 564], [563, 568], [578, 579], [578, 581], [596, 597], [596, 600]]}, "": {"executed_lines": [7, 9, 10, 11, 12, 13, 14, 16], "summary": {"covered_lines": 8, "num_statements": 109, "percent_covered": 6.6115702479338845, "percent_covered_display": "7", "missing_lines": 101, "excluded_lines": 0, "percent_statements_covered": 7.339449541284404, "percent_statements_covered_display": "7", "num_branches": 12, "num_partial_branches": 0, "covered_branches": 0, "missing_branches": 12, "percent_branches_covered": 0.0, "percent_branches_covered_display": "0"}, "missing_lines": [18, 20, 31, 32, 33, 34, 35, 36, 37, 38, 39, 41, 42, 43, 44, 47, 49, 50, 54, 57, 59, 60, 64, 67, 68, 98, 99, 100, 101, 102, 103, 104, 105, 106, 107, 108, 109, 110, 111, 112, 113, 114, 115, 116, 117, 118, 119, 120, 121, 123, 127, 156, 164, 165, 204, 218, 220, 221, 224, 236, 239, 240, 243, 244, 245, 246, 247, 248, 249, 251, 254, 264, 266, 267, 269, 270, 271, 272, 275, 277, 280, 283, 293, 301, 305, 325, 344, 359, 372, 406, 437, 452, 463, 477, 513, 530, 550, 570, 586, 625, 634], "excluded_lines": [], "start_line": 1, "executed_branches": [], "missing_branches": [[49, -47], [49, 50], [59, -57], [59, 60], [239, 240], [239, 243], [243, 244], [243, 245], [266, 267], [266, 269], [269, 270], [269, 271]]}}}, "src/helping_hands/server/task_result.py": {"executed_lines": [3, 5, 7, 10, 17, 18, 19, 20, 21, 22, 27], "summary": {"covered_lines": 11, "num_statements": 11, "percent_covered": 100.0, "percent_covered_display": "100", "missing_lines": 0, "excluded_lines": 0, "percent_statements_covered": 100.0, "percent_statements_covered_display": "100", "num_branches": 6, "num_partial_branches": 0, "covered_branches": 6, "missing_branches": 0, "percent_branches_covered": 100.0, "percent_branches_covered_display": "100"}, "missing_lines": [], "excluded_lines": [], "executed_branches": [[17, 18], [17, 19], [19, 20], [19, 21], [21, 22], [21, 27]], "missing_branches": [], "functions": {"normalize_task_result": {"executed_lines": [17, 18, 19, 20, 21, 22, 27], "summary": {"covered_lines": 7, "num_statements": 7, "percent_covered": 100.0, "percent_covered_display": "100", "missing_lines": 0, "excluded_lines": 0, "percent_statements_covered": 100.0, "percent_statements_covered_display": "100", "num_branches": 6, "num_partial_branches": 0, "covered_branches": 6, "missing_branches": 0, "percent_branches_covered": 100.0, "percent_branches_covered_display": "100"}, "missing_lines": [], "excluded_lines": [], "start_line": 10, "executed_branches": [[17, 18], [17, 19], [19, 20], [19, 21], [21, 22], [21, 27]], "missing_branches": []}, "": {"executed_lines": [3, 5, 7, 10], "summary": {"covered_lines": 4, "num_statements": 4, "percent_covered": 100.0, "percent_covered_display": "100", "missing_lines": 0, "excluded_lines": 0, "percent_statements_covered": 100.0, "percent_statements_covered_display": "100", "num_branches": 0, "num_partial_branches": 0, "covered_branches": 0, "missing_branches": 0, "percent_branches_covered": 100.0, "percent_branches_covered_display": "100"}, "missing_lines": [], "excluded_lines": [], "start_line": 1, "executed_branches": [], "missing_branches": []}}, "classes": {"": {"executed_lines": [3, 5, 7, 10, 17, 18, 19, 20, 21, 22, 27], "summary": {"covered_lines": 11, "num_statements": 11, "percent_covered": 100.0, "percent_covered_display": "100", "missing_lines": 0, "excluded_lines": 0, "percent_statements_covered": 100.0, "percent_statements_covered_display": "100", "num_branches": 6, "num_partial_branches": 0, "covered_branches": 6, "missing_branches": 0, "percent_branches_covered": 100.0, "percent_branches_covered_display": "100"}, "missing_lines": [], "excluded_lines": [], "start_line": 1, "executed_branches": [[17, 18], [17, 19], [19, 20], [19, 21], [21, 22], [21, 27]], "missing_branches": []}}}}, "totals": {"covered_lines": 4339, "num_statements": 5510, "percent_covered": 79.11516853932584, "percent_covered_display": "79", "missing_lines": 1171, "excluded_lines": 476, "percent_statements_covered": 78.74773139745916, "percent_statements_covered_display": "79", "num_branches": 1610, "num_partial_branches": 4, "covered_branches": 1294, "missing_branches": 316, "percent_branches_covered": 80.37267080745342, "percent_branches_covered_display": "80"}}